2025-09-17 17:56:18 [scrapy.utils.log] INFO: Scrapy 2.8.0 started (bot: ufcStats)
2025-09-17 17:56:18 [scrapy.utils.log] INFO: Versions: lxml 6.0.1.0, libxml2 2.14.5, cssselect 1.3.0, parsel 1.10.0, w3lib 2.3.1, Twisted 21.7.0, Python 3.10.18 (main, Sep  8 2025, 21:42:39) [GCC 14.2.0], pyOpenSSL 25.3.0 (OpenSSL 3.5.3 16 Sep 2025), cryptography 46.0.1, Platform Linux-6.1.0-37-amd64-x86_64-with-glibc2.41
2025-09-17 17:56:18 [scrapy.crawler] INFO: Overridden settings:
{'BOT_NAME': 'ufcStats',
 'COOKIES_ENABLED': False,
 'DOWNLOAD_DELAY': 0.5,
 'LOG_FILE': 'log/2025-09-17T17-56-18.log',
 'LOG_LEVEL': 'INFO',
 'NEWSPIDER_MODULE': 'ufcStats.spiders',
 'ROBOTSTXT_OBEY': True,
 'SPIDER_MODULES': ['ufcStats.spiders']}
2025-09-17 17:56:18 [py.warnings] WARNING: /usr/local/lib/python3.10/site-packages/scrapy/utils/request.py:232: ScrapyDeprecationWarning: '2.6' is a deprecated value for the 'REQUEST_FINGERPRINTER_IMPLEMENTATION' setting.

It is also the default value. In other words, it is normal to get this warning if you have not defined a value for the 'REQUEST_FINGERPRINTER_IMPLEMENTATION' setting. This is so for backward compatibility reasons, but it will change in a future version of Scrapy.

See the documentation of the 'REQUEST_FINGERPRINTER_IMPLEMENTATION' setting for information on how to handle this deprecation.
  return cls(crawler)

2025-09-17 17:56:18 [scrapy.extensions.telnet] INFO: Telnet Password: 5dfa0515258f382a
2025-09-17 17:56:18 [py.warnings] WARNING: /usr/local/lib/python3.10/site-packages/scrapy/extensions/feedexport.py:315: ScrapyDeprecationWarning: The `FEED_URI` and `FEED_FORMAT` settings have been deprecated in favor of the `FEEDS` setting. Please see the `FEEDS` setting docs for more details
  exporter = cls(crawler)

2025-09-17 17:56:18 [scrapy.middleware] INFO: Enabled extensions:
['scrapy.extensions.corestats.CoreStats',
 'scrapy.extensions.telnet.TelnetConsole',
 'scrapy.extensions.memusage.MemoryUsage',
 'scrapy.extensions.feedexport.FeedExporter',
 'scrapy.extensions.logstats.LogStats']
2025-09-17 17:56:19 [scrapy.middleware] INFO: Enabled downloader middlewares:
['scrapy.downloadermiddlewares.robotstxt.RobotsTxtMiddleware',
 'scrapy.downloadermiddlewares.httpauth.HttpAuthMiddleware',
 'scrapy.downloadermiddlewares.downloadtimeout.DownloadTimeoutMiddleware',
 'scrapy.downloadermiddlewares.defaultheaders.DefaultHeadersMiddleware',
 'scrapy.downloadermiddlewares.useragent.UserAgentMiddleware',
 'scrapy.downloadermiddlewares.retry.RetryMiddleware',
 'scrapy.downloadermiddlewares.redirect.MetaRefreshMiddleware',
 'scrapy.downloadermiddlewares.httpcompression.HttpCompressionMiddleware',
 'scrapy.downloadermiddlewares.redirect.RedirectMiddleware',
 'scrapy.downloadermiddlewares.httpproxy.HttpProxyMiddleware',
 'scrapy.downloadermiddlewares.stats.DownloaderStats']
2025-09-17 17:56:19 [scrapy.middleware] INFO: Enabled spider middlewares:
['scrapy.spidermiddlewares.httperror.HttpErrorMiddleware',
 'scrapy.spidermiddlewares.offsite.OffsiteMiddleware',
 'scrapy.spidermiddlewares.referer.RefererMiddleware',
 'scrapy.spidermiddlewares.urllength.UrlLengthMiddleware',
 'scrapy.spidermiddlewares.depth.DepthMiddleware']
2025-09-17 17:56:19 [scrapy.middleware] INFO: Enabled item pipelines:
[]
2025-09-17 17:56:19 [scrapy.core.engine] INFO: Spider opened
2025-09-17 17:56:19 [scrapy.extensions.logstats] INFO: Crawled 0 pages (at 0 pages/min), scraped 0 items (at 0 items/min)
2025-09-17 17:56:19 [scrapy.extensions.telnet] INFO: Telnet console listening on 127.0.0.1:6023
2025-09-17 17:56:20 [py.warnings] WARNING: /usr/local/lib/python3.10/site-packages/scrapy/selector/unified.py:83: UserWarning: Selector got both text and root, root is being ignored.
  super().__init__(text=text, type=st, root=root, **kwargs)

2025-09-17 17:56:21 [py.warnings] WARNING: /usr/local/lib/python3.10/site-packages/scrapy/selector/unified.py:83: UserWarning: Selector got both text and root, root is being ignored.
  super().__init__(text=text, type=st, root=root, **kwargs)

2025-09-17 17:56:22 [py.warnings] WARNING: /usr/local/lib/python3.10/site-packages/scrapy/selector/unified.py:83: UserWarning: Selector got both text and root, root is being ignored.
  super().__init__(text=text, type=st, root=root, **kwargs)

2025-09-17 17:56:22 [py.warnings] WARNING: /usr/local/lib/python3.10/site-packages/scrapy/selector/unified.py:83: UserWarning: Selector got both text and root, root is being ignored.
  super().__init__(text=text, type=st, root=root, **kwargs)

2025-09-17 17:56:23 [py.warnings] WARNING: /usr/local/lib/python3.10/site-packages/scrapy/selector/unified.py:83: UserWarning: Selector got both text and root, root is being ignored.
  super().__init__(text=text, type=st, root=root, **kwargs)

2025-09-17 17:56:24 [py.warnings] WARNING: /usr/local/lib/python3.10/site-packages/scrapy/selector/unified.py:83: UserWarning: Selector got both text and root, root is being ignored.
  super().__init__(text=text, type=st, root=root, **kwargs)

2025-09-17 17:56:24 [py.warnings] WARNING: /usr/local/lib/python3.10/site-packages/scrapy/selector/unified.py:83: UserWarning: Selector got both text and root, root is being ignored.
  super().__init__(text=text, type=st, root=root, **kwargs)

2025-09-17 17:56:25 [py.warnings] WARNING: /usr/local/lib/python3.10/site-packages/scrapy/selector/unified.py:83: UserWarning: Selector got both text and root, root is being ignored.
  super().__init__(text=text, type=st, root=root, **kwargs)

2025-09-17 17:56:25 [py.warnings] WARNING: /usr/local/lib/python3.10/site-packages/scrapy/selector/unified.py:83: UserWarning: Selector got both text and root, root is being ignored.
  super().__init__(text=text, type=st, root=root, **kwargs)

2025-09-17 17:56:26 [py.warnings] WARNING: /usr/local/lib/python3.10/site-packages/scrapy/selector/unified.py:83: UserWarning: Selector got both text and root, root is being ignored.
  super().__init__(text=text, type=st, root=root, **kwargs)

2025-09-17 17:56:27 [py.warnings] WARNING: /usr/local/lib/python3.10/site-packages/scrapy/selector/unified.py:83: UserWarning: Selector got both text and root, root is being ignored.
  super().__init__(text=text, type=st, root=root, **kwargs)

2025-09-17 17:56:27 [py.warnings] WARNING: /usr/local/lib/python3.10/site-packages/scrapy/selector/unified.py:83: UserWarning: Selector got both text and root, root is being ignored.
  super().__init__(text=text, type=st, root=root, **kwargs)

2025-09-17 17:56:28 [py.warnings] WARNING: /usr/local/lib/python3.10/site-packages/scrapy/selector/unified.py:83: UserWarning: Selector got both text and root, root is being ignored.
  super().__init__(text=text, type=st, root=root, **kwargs)

2025-09-17 17:56:28 [py.warnings] WARNING: /usr/local/lib/python3.10/site-packages/scrapy/selector/unified.py:83: UserWarning: Selector got both text and root, root is being ignored.
  super().__init__(text=text, type=st, root=root, **kwargs)

2025-09-17 17:56:29 [py.warnings] WARNING: /usr/local/lib/python3.10/site-packages/scrapy/selector/unified.py:83: UserWarning: Selector got both text and root, root is being ignored.
  super().__init__(text=text, type=st, root=root, **kwargs)

2025-09-17 17:56:30 [py.warnings] WARNING: /usr/local/lib/python3.10/site-packages/scrapy/selector/unified.py:83: UserWarning: Selector got both text and root, root is being ignored.
  super().__init__(text=text, type=st, root=root, **kwargs)

2025-09-17 17:56:30 [py.warnings] WARNING: /usr/local/lib/python3.10/site-packages/scrapy/selector/unified.py:83: UserWarning: Selector got both text and root, root is being ignored.
  super().__init__(text=text, type=st, root=root, **kwargs)

2025-09-17 17:56:30 [py.warnings] WARNING: /usr/local/lib/python3.10/site-packages/scrapy/selector/unified.py:83: UserWarning: Selector got both text and root, root is being ignored.
  super().__init__(text=text, type=st, root=root, **kwargs)

2025-09-17 17:56:31 [py.warnings] WARNING: /usr/local/lib/python3.10/site-packages/scrapy/selector/unified.py:83: UserWarning: Selector got both text and root, root is being ignored.
  super().__init__(text=text, type=st, root=root, **kwargs)

2025-09-17 17:57:19 [scrapy.extensions.logstats] INFO: Crawled 93 pages (at 93 pages/min), scraped 74 items (at 74 items/min)
2025-09-17 17:58:19 [scrapy.extensions.logstats] INFO: Crawled 190 pages (at 97 pages/min), scraped 170 items (at 96 items/min)
2025-09-17 17:59:19 [scrapy.extensions.logstats] INFO: Crawled 287 pages (at 97 pages/min), scraped 267 items (at 97 items/min)
2025-09-17 18:00:19 [scrapy.extensions.logstats] INFO: Crawled 381 pages (at 94 pages/min), scraped 362 items (at 95 items/min)
2025-09-17 18:01:19 [scrapy.extensions.logstats] INFO: Crawled 478 pages (at 97 pages/min), scraped 459 items (at 97 items/min)
2025-09-17 18:02:19 [scrapy.extensions.logstats] INFO: Crawled 577 pages (at 99 pages/min), scraped 558 items (at 99 items/min)
2025-09-17 18:03:19 [scrapy.extensions.logstats] INFO: Crawled 673 pages (at 96 pages/min), scraped 654 items (at 96 items/min)
2025-09-17 18:04:19 [scrapy.extensions.logstats] INFO: Crawled 771 pages (at 98 pages/min), scraped 752 items (at 98 items/min)
2025-09-17 18:05:19 [scrapy.extensions.logstats] INFO: Crawled 870 pages (at 99 pages/min), scraped 851 items (at 99 items/min)
2025-09-17 18:06:19 [scrapy.extensions.logstats] INFO: Crawled 966 pages (at 96 pages/min), scraped 947 items (at 96 items/min)
2025-09-17 18:07:19 [scrapy.extensions.logstats] INFO: Crawled 1061 pages (at 95 pages/min), scraped 1042 items (at 95 items/min)
2025-09-17 18:08:19 [scrapy.extensions.logstats] INFO: Crawled 1159 pages (at 98 pages/min), scraped 1140 items (at 98 items/min)
2025-09-17 18:09:19 [scrapy.extensions.logstats] INFO: Crawled 1256 pages (at 97 pages/min), scraped 1237 items (at 97 items/min)
2025-09-17 18:10:19 [scrapy.extensions.logstats] INFO: Crawled 1352 pages (at 96 pages/min), scraped 1333 items (at 96 items/min)
2025-09-17 18:11:19 [scrapy.extensions.logstats] INFO: Crawled 1451 pages (at 99 pages/min), scraped 1432 items (at 99 items/min)
2025-09-17 18:12:19 [scrapy.extensions.logstats] INFO: Crawled 1547 pages (at 96 pages/min), scraped 1528 items (at 96 items/min)
2025-09-17 18:13:19 [scrapy.extensions.logstats] INFO: Crawled 1644 pages (at 97 pages/min), scraped 1625 items (at 97 items/min)
2025-09-17 18:14:19 [scrapy.extensions.logstats] INFO: Crawled 1743 pages (at 99 pages/min), scraped 1724 items (at 99 items/min)
2025-09-17 18:15:19 [scrapy.extensions.logstats] INFO: Crawled 1840 pages (at 97 pages/min), scraped 1821 items (at 97 items/min)
2025-09-17 18:16:19 [scrapy.extensions.logstats] INFO: Crawled 1935 pages (at 95 pages/min), scraped 1915 items (at 94 items/min)
2025-09-17 18:17:19 [scrapy.extensions.logstats] INFO: Crawled 2030 pages (at 95 pages/min), scraped 2011 items (at 96 items/min)
2025-09-17 18:18:19 [scrapy.extensions.logstats] INFO: Crawled 2127 pages (at 97 pages/min), scraped 2108 items (at 97 items/min)
2025-09-17 18:19:19 [scrapy.extensions.logstats] INFO: Crawled 2224 pages (at 97 pages/min), scraped 2205 items (at 97 items/min)
2025-09-17 18:20:19 [scrapy.extensions.logstats] INFO: Crawled 2322 pages (at 98 pages/min), scraped 2303 items (at 98 items/min)
2025-09-17 18:21:19 [scrapy.extensions.logstats] INFO: Crawled 2417 pages (at 95 pages/min), scraped 2398 items (at 95 items/min)
2025-09-17 18:22:19 [scrapy.extensions.logstats] INFO: Crawled 2516 pages (at 99 pages/min), scraped 2497 items (at 99 items/min)
2025-09-17 18:23:19 [scrapy.extensions.logstats] INFO: Crawled 2609 pages (at 93 pages/min), scraped 2590 items (at 93 items/min)
2025-09-17 18:24:19 [scrapy.extensions.logstats] INFO: Crawled 2706 pages (at 97 pages/min), scraped 2687 items (at 97 items/min)
2025-09-17 18:25:19 [scrapy.extensions.logstats] INFO: Crawled 2803 pages (at 97 pages/min), scraped 2784 items (at 97 items/min)
2025-09-17 18:26:19 [scrapy.extensions.logstats] INFO: Crawled 2899 pages (at 96 pages/min), scraped 2880 items (at 96 items/min)
2025-09-17 18:27:19 [scrapy.extensions.logstats] INFO: Crawled 3002 pages (at 103 pages/min), scraped 2983 items (at 103 items/min)
2025-09-17 18:28:19 [scrapy.extensions.logstats] INFO: Crawled 3097 pages (at 95 pages/min), scraped 3078 items (at 95 items/min)
2025-09-17 18:29:19 [scrapy.extensions.logstats] INFO: Crawled 3191 pages (at 94 pages/min), scraped 3171 items (at 93 items/min)
2025-09-17 18:30:01 [py.warnings] WARNING: /usr/local/lib/python3.10/site-packages/scrapy/selector/unified.py:83: UserWarning: Selector got both text and root, root is being ignored.
  super().__init__(text=text, type=st, root=root, **kwargs)

2025-09-17 18:30:03 [py.warnings] WARNING: /usr/local/lib/python3.10/site-packages/scrapy/selector/unified.py:83: UserWarning: Selector got both text and root, root is being ignored.
  super().__init__(text=text, type=st, root=root, **kwargs)

2025-09-17 18:30:03 [py.warnings] WARNING: /usr/local/lib/python3.10/site-packages/scrapy/selector/unified.py:83: UserWarning: Selector got both text and root, root is being ignored.
  super().__init__(text=text, type=st, root=root, **kwargs)

2025-09-17 18:30:04 [py.warnings] WARNING: /usr/local/lib/python3.10/site-packages/scrapy/selector/unified.py:83: UserWarning: Selector got both text and root, root is being ignored.
  super().__init__(text=text, type=st, root=root, **kwargs)

2025-09-17 18:30:04 [py.warnings] WARNING: /usr/local/lib/python3.10/site-packages/scrapy/selector/unified.py:83: UserWarning: Selector got both text and root, root is being ignored.
  super().__init__(text=text, type=st, root=root, **kwargs)

2025-09-17 18:30:04 [py.warnings] WARNING: /usr/local/lib/python3.10/site-packages/scrapy/selector/unified.py:83: UserWarning: Selector got both text and root, root is being ignored.
  super().__init__(text=text, type=st, root=root, **kwargs)

2025-09-17 18:30:05 [py.warnings] WARNING: /usr/local/lib/python3.10/site-packages/scrapy/selector/unified.py:83: UserWarning: Selector got both text and root, root is being ignored.
  super().__init__(text=text, type=st, root=root, **kwargs)

2025-09-17 18:30:05 [py.warnings] WARNING: /usr/local/lib/python3.10/site-packages/scrapy/selector/unified.py:83: UserWarning: Selector got both text and root, root is being ignored.
  super().__init__(text=text, type=st, root=root, **kwargs)

2025-09-17 18:30:06 [py.warnings] WARNING: /usr/local/lib/python3.10/site-packages/scrapy/selector/unified.py:83: UserWarning: Selector got both text and root, root is being ignored.
  super().__init__(text=text, type=st, root=root, **kwargs)

2025-09-17 18:30:07 [py.warnings] WARNING: /usr/local/lib/python3.10/site-packages/scrapy/selector/unified.py:83: UserWarning: Selector got both text and root, root is being ignored.
  super().__init__(text=text, type=st, root=root, **kwargs)

2025-09-17 18:30:07 [py.warnings] WARNING: /usr/local/lib/python3.10/site-packages/scrapy/selector/unified.py:83: UserWarning: Selector got both text and root, root is being ignored.
  super().__init__(text=text, type=st, root=root, **kwargs)

2025-09-17 18:30:08 [py.warnings] WARNING: /usr/local/lib/python3.10/site-packages/scrapy/selector/unified.py:83: UserWarning: Selector got both text and root, root is being ignored.
  super().__init__(text=text, type=st, root=root, **kwargs)

2025-09-17 18:30:08 [py.warnings] WARNING: /usr/local/lib/python3.10/site-packages/scrapy/selector/unified.py:83: UserWarning: Selector got both text and root, root is being ignored.
  super().__init__(text=text, type=st, root=root, **kwargs)

2025-09-17 18:30:09 [py.warnings] WARNING: /usr/local/lib/python3.10/site-packages/scrapy/selector/unified.py:83: UserWarning: Selector got both text and root, root is being ignored.
  super().__init__(text=text, type=st, root=root, **kwargs)

2025-09-17 18:30:10 [py.warnings] WARNING: /usr/local/lib/python3.10/site-packages/scrapy/selector/unified.py:83: UserWarning: Selector got both text and root, root is being ignored.
  super().__init__(text=text, type=st, root=root, **kwargs)

2025-09-17 18:30:10 [py.warnings] WARNING: /usr/local/lib/python3.10/site-packages/scrapy/selector/unified.py:83: UserWarning: Selector got both text and root, root is being ignored.
  super().__init__(text=text, type=st, root=root, **kwargs)

2025-09-17 18:30:11 [py.warnings] WARNING: /usr/local/lib/python3.10/site-packages/scrapy/selector/unified.py:83: UserWarning: Selector got both text and root, root is being ignored.
  super().__init__(text=text, type=st, root=root, **kwargs)

2025-09-17 18:30:11 [py.warnings] WARNING: /usr/local/lib/python3.10/site-packages/scrapy/selector/unified.py:83: UserWarning: Selector got both text and root, root is being ignored.
  super().__init__(text=text, type=st, root=root, **kwargs)

2025-09-17 18:30:19 [scrapy.extensions.logstats] INFO: Crawled 3287 pages (at 96 pages/min), scraped 3259 items (at 88 items/min)
2025-09-17 18:31:19 [scrapy.extensions.logstats] INFO: Crawled 3382 pages (at 95 pages/min), scraped 3354 items (at 95 items/min)
2025-09-17 18:32:19 [scrapy.extensions.logstats] INFO: Crawled 3484 pages (at 102 pages/min), scraped 3456 items (at 102 items/min)
2025-09-17 18:33:19 [scrapy.extensions.logstats] INFO: Crawled 3584 pages (at 100 pages/min), scraped 3556 items (at 100 items/min)
2025-09-17 18:34:19 [scrapy.extensions.logstats] INFO: Crawled 3682 pages (at 98 pages/min), scraped 3654 items (at 98 items/min)
2025-09-17 18:35:19 [scrapy.extensions.logstats] INFO: Crawled 3780 pages (at 98 pages/min), scraped 3752 items (at 98 items/min)
2025-09-17 18:36:19 [scrapy.extensions.logstats] INFO: Crawled 3878 pages (at 98 pages/min), scraped 3850 items (at 98 items/min)
2025-09-17 18:37:19 [scrapy.extensions.logstats] INFO: Crawled 3975 pages (at 97 pages/min), scraped 3947 items (at 97 items/min)
2025-09-17 18:38:19 [scrapy.extensions.logstats] INFO: Crawled 4071 pages (at 96 pages/min), scraped 4043 items (at 96 items/min)
2025-09-17 18:39:19 [scrapy.extensions.logstats] INFO: Crawled 4170 pages (at 99 pages/min), scraped 4142 items (at 99 items/min)
2025-09-17 18:40:19 [scrapy.extensions.logstats] INFO: Crawled 4267 pages (at 97 pages/min), scraped 4239 items (at 97 items/min)
2025-09-17 18:41:19 [scrapy.extensions.logstats] INFO: Crawled 4364 pages (at 97 pages/min), scraped 4336 items (at 97 items/min)
2025-09-17 18:42:19 [scrapy.extensions.logstats] INFO: Crawled 4461 pages (at 97 pages/min), scraped 4433 items (at 97 items/min)
2025-09-17 18:42:23 [scrapy.core.engine] INFO: Closing spider (finished)
2025-09-17 18:42:23 [scrapy.extensions.feedexport] INFO: Stored csv feed (4440 items) in: data/fighter_stats/2025-09-17T17-56-19.csv
2025-09-17 18:42:23 [scrapy.extensions.feedexport] INFO: Stored csv feed (4440 items) in: data/fighter_stats/latest.csv
2025-09-17 18:42:23 [scrapy.statscollectors] INFO: Dumping Scrapy stats:
{'downloader/request_bytes': 1384575,
 'downloader/request_count': 4468,
 'downloader/request_method_count/GET': 4468,
 'downloader/response_bytes': 18506650,
 'downloader/response_count': 4468,
 'downloader/response_status_count/200': 4467,
 'downloader/response_status_count/404': 1,
 'elapsed_time_seconds': 2764.233853,
 'feedexport/success_count/FileFeedStorage': 2,
 'finish_reason': 'finished',
 'finish_time': datetime.datetime(2025, 9, 17, 18, 42, 23, 651531),
 'httpcompression/response_bytes': 128054639,
 'httpcompression/response_count': 4467,
 'item_scraped_count': 4440,
 'log_count/INFO': 58,
 'log_count/WARNING': 39,
 'memusage/max': 125505536,
 'memusage/startup': 77344768,
 'request_depth_max': 2,
 'response_received_count': 4468,
 'robotstxt/request_count': 1,
 'robotstxt/response_count': 1,
 'robotstxt/response_status_count/404': 1,
 'scheduler/dequeued': 4467,
 'scheduler/dequeued/memory': 4467,
 'scheduler/enqueued': 4467,
 'scheduler/enqueued/memory': 4467,
 'start_time': datetime.datetime(2025, 9, 17, 17, 56, 19, 417678)}
2025-09-17 18:42:23 [scrapy.core.engine] INFO: Spider closed (finished)
