2025-09-17 18:54:56 [scrapy.utils.log] INFO: Scrapy 2.8.0 started (bot: ufcStats)
2025-09-17 18:54:56 [scrapy.utils.log] INFO: Versions: lxml 6.0.1.0, libxml2 2.14.5, cssselect 1.3.0, parsel 1.10.0, w3lib 2.3.1, Twisted 21.7.0, Python 3.10.18 (main, Sep  8 2025, 21:42:39) [GCC 14.2.0], pyOpenSSL 25.3.0 (OpenSSL 3.5.3 16 Sep 2025), cryptography 46.0.1, Platform Linux-6.1.0-37-amd64-x86_64-with-glibc2.41
2025-09-17 18:54:56 [scrapy.crawler] INFO: Overridden settings:
{'BOT_NAME': 'ufcStats',
 'COOKIES_ENABLED': False,
 'DOWNLOAD_DELAY': 0.5,
 'LOG_FILE': 'log/2025-09-17T18-54-55.log',
 'LOG_LEVEL': 'INFO',
 'NEWSPIDER_MODULE': 'ufcStats.spiders',
 'ROBOTSTXT_OBEY': True,
 'SPIDER_MODULES': ['ufcStats.spiders']}
2025-09-17 18:54:56 [py.warnings] WARNING: /usr/local/lib/python3.10/site-packages/scrapy/utils/request.py:232: ScrapyDeprecationWarning: '2.6' is a deprecated value for the 'REQUEST_FINGERPRINTER_IMPLEMENTATION' setting.

It is also the default value. In other words, it is normal to get this warning if you have not defined a value for the 'REQUEST_FINGERPRINTER_IMPLEMENTATION' setting. This is so for backward compatibility reasons, but it will change in a future version of Scrapy.

See the documentation of the 'REQUEST_FINGERPRINTER_IMPLEMENTATION' setting for information on how to handle this deprecation.
  return cls(crawler)

2025-09-17 18:54:56 [scrapy.utils.log] INFO: Scrapy 2.8.0 started (bot: ufcStats)
2025-09-17 18:54:56 [scrapy.utils.log] INFO: Versions: lxml 6.0.1.0, libxml2 2.14.5, cssselect 1.3.0, parsel 1.10.0, w3lib 2.3.1, Twisted 21.7.0, Python 3.10.18 (main, Sep  8 2025, 21:42:39) [GCC 14.2.0], pyOpenSSL 25.3.0 (OpenSSL 3.5.3 16 Sep 2025), cryptography 46.0.1, Platform Linux-6.1.0-37-amd64-x86_64-with-glibc2.41
2025-09-17 18:54:56 [scrapy.crawler] INFO: Overridden settings:
{'BOT_NAME': 'ufcStats',
 'COOKIES_ENABLED': False,
 'DOWNLOAD_DELAY': 0.5,
 'LOG_FILE': 'log/2025-09-17T18-54-55.log',
 'LOG_LEVEL': 'INFO',
 'NEWSPIDER_MODULE': 'ufcStats.spiders',
 'ROBOTSTXT_OBEY': True,
 'SPIDER_MODULES': ['ufcStats.spiders']}
2025-09-17 18:54:56 [py.warnings] WARNING: /usr/local/lib/python3.10/site-packages/scrapy/utils/request.py:232: ScrapyDeprecationWarning: '2.6' is a deprecated value for the 'REQUEST_FINGERPRINTER_IMPLEMENTATION' setting.

It is also the default value. In other words, it is normal to get this warning if you have not defined a value for the 'REQUEST_FINGERPRINTER_IMPLEMENTATION' setting. This is so for backward compatibility reasons, but it will change in a future version of Scrapy.

See the documentation of the 'REQUEST_FINGERPRINTER_IMPLEMENTATION' setting for information on how to handle this deprecation.
  return cls(crawler)

2025-09-17 18:54:56 [scrapy.extensions.telnet] INFO: Telnet Password: 451419154ddc699a
2025-09-17 18:54:57 [py.warnings] WARNING: /usr/local/lib/python3.10/site-packages/scrapy/extensions/feedexport.py:315: ScrapyDeprecationWarning: The `FEED_URI` and `FEED_FORMAT` settings have been deprecated in favor of the `FEEDS` setting. Please see the `FEEDS` setting docs for more details
  exporter = cls(crawler)

2025-09-17 18:54:57 [scrapy.extensions.telnet] INFO: Telnet Password: 95134a6c4d8732c6
2025-09-17 18:54:57 [scrapy.middleware] INFO: Enabled extensions:
['scrapy.extensions.corestats.CoreStats',
 'scrapy.extensions.telnet.TelnetConsole',
 'scrapy.extensions.memusage.MemoryUsage',
 'scrapy.extensions.feedexport.FeedExporter',
 'scrapy.extensions.logstats.LogStats']
2025-09-17 18:54:57 [py.warnings] WARNING: /usr/local/lib/python3.10/site-packages/scrapy/extensions/feedexport.py:315: ScrapyDeprecationWarning: The `FEED_URI` and `FEED_FORMAT` settings have been deprecated in favor of the `FEEDS` setting. Please see the `FEEDS` setting docs for more details
  exporter = cls(crawler)

2025-09-17 18:54:57 [scrapy.middleware] INFO: Enabled extensions:
['scrapy.extensions.corestats.CoreStats',
 'scrapy.extensions.telnet.TelnetConsole',
 'scrapy.extensions.memusage.MemoryUsage',
 'scrapy.extensions.feedexport.FeedExporter',
 'scrapy.extensions.logstats.LogStats']
2025-09-17 18:54:57 [scrapy.middleware] INFO: Enabled downloader middlewares:
['scrapy.downloadermiddlewares.robotstxt.RobotsTxtMiddleware',
 'scrapy.downloadermiddlewares.httpauth.HttpAuthMiddleware',
 'scrapy.downloadermiddlewares.downloadtimeout.DownloadTimeoutMiddleware',
 'scrapy.downloadermiddlewares.defaultheaders.DefaultHeadersMiddleware',
 'scrapy.downloadermiddlewares.useragent.UserAgentMiddleware',
 'scrapy.downloadermiddlewares.retry.RetryMiddleware',
 'scrapy.downloadermiddlewares.redirect.MetaRefreshMiddleware',
 'scrapy.downloadermiddlewares.httpcompression.HttpCompressionMiddleware',
 'scrapy.downloadermiddlewares.redirect.RedirectMiddleware',
 'scrapy.downloadermiddlewares.httpproxy.HttpProxyMiddleware',
 'scrapy.downloadermiddlewares.stats.DownloaderStats']
2025-09-17 18:54:57 [scrapy.middleware] INFO: Enabled spider middlewares:
['scrapy.spidermiddlewares.httperror.HttpErrorMiddleware',
 'scrapy.spidermiddlewares.offsite.OffsiteMiddleware',
 'scrapy.spidermiddlewares.referer.RefererMiddleware',
 'scrapy.spidermiddlewares.urllength.UrlLengthMiddleware',
 'scrapy.spidermiddlewares.depth.DepthMiddleware']
2025-09-17 18:54:57 [scrapy.middleware] INFO: Enabled item pipelines:
[]
2025-09-17 18:54:57 [scrapy.core.engine] INFO: Spider opened
2025-09-17 18:54:57 [scrapy.middleware] INFO: Enabled downloader middlewares:
['scrapy.downloadermiddlewares.robotstxt.RobotsTxtMiddleware',
 'scrapy.downloadermiddlewares.httpauth.HttpAuthMiddleware',
 'scrapy.downloadermiddlewares.downloadtimeout.DownloadTimeoutMiddleware',
 'scrapy.downloadermiddlewares.defaultheaders.DefaultHeadersMiddleware',
 'scrapy.downloadermiddlewares.useragent.UserAgentMiddleware',
 'scrapy.downloadermiddlewares.retry.RetryMiddleware',
 'scrapy.downloadermiddlewares.redirect.MetaRefreshMiddleware',
 'scrapy.downloadermiddlewares.httpcompression.HttpCompressionMiddleware',
 'scrapy.downloadermiddlewares.redirect.RedirectMiddleware',
 'scrapy.downloadermiddlewares.httpproxy.HttpProxyMiddleware',
 'scrapy.downloadermiddlewares.stats.DownloaderStats']
2025-09-17 18:54:58 [scrapy.middleware] INFO: Enabled spider middlewares:
['scrapy.spidermiddlewares.httperror.HttpErrorMiddleware',
 'scrapy.spidermiddlewares.offsite.OffsiteMiddleware',
 'scrapy.spidermiddlewares.referer.RefererMiddleware',
 'scrapy.spidermiddlewares.urllength.UrlLengthMiddleware',
 'scrapy.spidermiddlewares.depth.DepthMiddleware']
2025-09-17 18:54:58 [scrapy.middleware] INFO: Enabled item pipelines:
[]
2025-09-17 18:54:58 [scrapy.core.engine] INFO: Spider opened
2025-09-17 18:54:58 [scrapy.extensions.logstats] INFO: Crawled 0 pages (at 0 pages/min), scraped 0 items (at 0 items/min)
2025-09-17 18:54:58 [scrapy.extensions.telnet] INFO: Telnet console listening on 127.0.0.1:6023
2025-09-17 18:54:58 [scrapy.extensions.logstats] INFO: Crawled 0 pages (at 0 pages/min), scraped 0 items (at 0 items/min)
2025-09-17 18:54:58 [scrapy.extensions.telnet] INFO: Telnet console listening on 127.0.0.1:6023
2025-09-17 18:54:59 [py.warnings] WARNING: /usr/local/lib/python3.10/site-packages/scrapy/selector/unified.py:83: UserWarning: Selector got both text and root, root is being ignored.
  super().__init__(text=text, type=st, root=root, **kwargs)

2025-09-17 18:54:59 [py.warnings] WARNING: /usr/local/lib/python3.10/site-packages/scrapy/selector/unified.py:83: UserWarning: Selector got both text and root, root is being ignored.
  super().__init__(text=text, type=st, root=root, **kwargs)

2025-09-17 18:55:00 [py.warnings] WARNING: /usr/local/lib/python3.10/site-packages/scrapy/selector/unified.py:83: UserWarning: Selector got both text and root, root is being ignored.
  super().__init__(text=text, type=st, root=root, **kwargs)

2025-09-17 18:55:00 [py.warnings] WARNING: /usr/local/lib/python3.10/site-packages/scrapy/selector/unified.py:83: UserWarning: Selector got both text and root, root is being ignored.
  super().__init__(text=text, type=st, root=root, **kwargs)

2025-09-17 18:55:00 [py.warnings] WARNING: /usr/local/lib/python3.10/site-packages/scrapy/selector/unified.py:83: UserWarning: Selector got both text and root, root is being ignored.
  super().__init__(text=text, type=st, root=root, **kwargs)

2025-09-17 18:55:01 [py.warnings] WARNING: /usr/local/lib/python3.10/site-packages/scrapy/selector/unified.py:83: UserWarning: Selector got both text and root, root is being ignored.
  super().__init__(text=text, type=st, root=root, **kwargs)

2025-09-17 18:55:01 [py.warnings] WARNING: /usr/local/lib/python3.10/site-packages/scrapy/selector/unified.py:83: UserWarning: Selector got both text and root, root is being ignored.
  super().__init__(text=text, type=st, root=root, **kwargs)

2025-09-17 18:55:01 [py.warnings] WARNING: /usr/local/lib/python3.10/site-packages/scrapy/selector/unified.py:83: UserWarning: Selector got both text and root, root is being ignored.
  super().__init__(text=text, type=st, root=root, **kwargs)

2025-09-17 18:55:03 [py.warnings] WARNING: /usr/local/lib/python3.10/site-packages/scrapy/selector/unified.py:83: UserWarning: Selector got both text and root, root is being ignored.
  super().__init__(text=text, type=st, root=root, **kwargs)

2025-09-17 18:55:04 [py.warnings] WARNING: /usr/local/lib/python3.10/site-packages/scrapy/selector/unified.py:83: UserWarning: Selector got both text and root, root is being ignored.
  super().__init__(text=text, type=st, root=root, **kwargs)

2025-09-17 18:55:04 [py.warnings] WARNING: /usr/local/lib/python3.10/site-packages/scrapy/selector/unified.py:83: UserWarning: Selector got both text and root, root is being ignored.
  super().__init__(text=text, type=st, root=root, **kwargs)

2025-09-17 18:55:05 [py.warnings] WARNING: /usr/local/lib/python3.10/site-packages/scrapy/selector/unified.py:83: UserWarning: Selector got both text and root, root is being ignored.
  super().__init__(text=text, type=st, root=root, **kwargs)

2025-09-17 18:55:06 [py.warnings] WARNING: /usr/local/lib/python3.10/site-packages/scrapy/selector/unified.py:83: UserWarning: Selector got both text and root, root is being ignored.
  super().__init__(text=text, type=st, root=root, **kwargs)

2025-09-17 18:55:07 [py.warnings] WARNING: /usr/local/lib/python3.10/site-packages/scrapy/selector/unified.py:83: UserWarning: Selector got both text and root, root is being ignored.
  super().__init__(text=text, type=st, root=root, **kwargs)

2025-09-17 18:55:07 [py.warnings] WARNING: /usr/local/lib/python3.10/site-packages/scrapy/selector/unified.py:83: UserWarning: Selector got both text and root, root is being ignored.
  super().__init__(text=text, type=st, root=root, **kwargs)

2025-09-17 18:55:08 [py.warnings] WARNING: /usr/local/lib/python3.10/site-packages/scrapy/selector/unified.py:83: UserWarning: Selector got both text and root, root is being ignored.
  super().__init__(text=text, type=st, root=root, **kwargs)

2025-09-17 18:55:09 [py.warnings] WARNING: /usr/local/lib/python3.10/site-packages/scrapy/selector/unified.py:83: UserWarning: Selector got both text and root, root is being ignored.
  super().__init__(text=text, type=st, root=root, **kwargs)

2025-09-17 18:55:09 [scrapy.core.engine] INFO: Closing spider (finished)
2025-09-17 18:55:09 [scrapy.extensions.feedexport] INFO: Stored csv feed (15 items) in: data/upcoming/2025-09-17T18-54-56.csv
2025-09-17 18:55:09 [scrapy.extensions.feedexport] INFO: Stored csv feed (15 items) in: data/upcoming/latest.csv
2025-09-17 18:55:09 [scrapy.statscollectors] INFO: Dumping Scrapy stats:
{'downloader/request_bytes': 5306,
 'downloader/request_count': 18,
 'downloader/request_method_count/GET': 18,
 'downloader/response_bytes': 57078,
 'downloader/response_count': 18,
 'downloader/response_status_count/200': 17,
 'downloader/response_status_count/404': 1,
 'dupefilter/filtered': 15,
 'elapsed_time_seconds': 11.358795,
 'feedexport/success_count/FileFeedStorage': 2,
 'finish_reason': 'finished',
 'finish_time': datetime.datetime(2025, 9, 17, 18, 55, 9, 967679),
 'httpcompression/response_bytes': 359835,
 'httpcompression/response_count': 17,
 'item_scraped_count': 15,
 'log_count/INFO': 12,
 'log_count/WARNING': 5,
 'memusage/max': 74440704,
 'memusage/startup': 74440704,
 'request_depth_max': 2,
 'response_received_count': 18,
 'robotstxt/request_count': 1,
 'robotstxt/response_count': 1,
 'robotstxt/response_status_count/404': 1,
 'scheduler/dequeued': 17,
 'scheduler/dequeued/memory': 17,
 'scheduler/enqueued': 17,
 'scheduler/enqueued/memory': 17,
 'start_time': datetime.datetime(2025, 9, 17, 18, 54, 58, 608884)}
2025-09-17 18:55:09 [scrapy.core.engine] INFO: Spider closed (finished)
2025-09-17 18:55:10 [py.warnings] WARNING: /usr/local/lib/python3.10/site-packages/scrapy/selector/unified.py:83: UserWarning: Selector got both text and root, root is being ignored.
  super().__init__(text=text, type=st, root=root, **kwargs)

2025-09-17 18:55:11 [py.warnings] WARNING: /usr/local/lib/python3.10/site-packages/scrapy/selector/unified.py:83: UserWarning: Selector got both text and root, root is being ignored.
  super().__init__(text=text, type=st, root=root, **kwargs)

2025-09-17 18:55:12 [py.warnings] WARNING: /usr/local/lib/python3.10/site-packages/scrapy/selector/unified.py:83: UserWarning: Selector got both text and root, root is being ignored.
  super().__init__(text=text, type=st, root=root, **kwargs)

2025-09-17 18:55:58 [scrapy.extensions.logstats] INFO: Crawled 95 pages (at 95 pages/min), scraped 79 items (at 79 items/min)
2025-09-17 18:56:58 [scrapy.extensions.logstats] INFO: Crawled 188 pages (at 93 pages/min), scraped 172 items (at 93 items/min)
2025-09-17 18:57:58 [scrapy.extensions.logstats] INFO: Crawled 289 pages (at 101 pages/min), scraped 272 items (at 100 items/min)
2025-09-17 18:58:58 [scrapy.extensions.logstats] INFO: Crawled 385 pages (at 96 pages/min), scraped 369 items (at 97 items/min)
2025-09-17 18:59:58 [scrapy.extensions.logstats] INFO: Crawled 483 pages (at 98 pages/min), scraped 467 items (at 98 items/min)
2025-09-17 19:00:58 [scrapy.extensions.logstats] INFO: Crawled 571 pages (at 88 pages/min), scraped 555 items (at 88 items/min)
2025-09-17 19:01:58 [scrapy.extensions.logstats] INFO: Crawled 667 pages (at 96 pages/min), scraped 651 items (at 96 items/min)
2025-09-17 19:02:58 [scrapy.extensions.logstats] INFO: Crawled 765 pages (at 98 pages/min), scraped 749 items (at 98 items/min)
2025-09-17 19:03:58 [scrapy.extensions.logstats] INFO: Crawled 860 pages (at 95 pages/min), scraped 844 items (at 95 items/min)
2025-09-17 19:04:58 [scrapy.extensions.logstats] INFO: Crawled 957 pages (at 97 pages/min), scraped 940 items (at 96 items/min)
2025-09-17 19:05:58 [scrapy.extensions.logstats] INFO: Crawled 1051 pages (at 94 pages/min), scraped 1035 items (at 95 items/min)
2025-09-17 19:06:58 [scrapy.extensions.logstats] INFO: Crawled 1148 pages (at 97 pages/min), scraped 1132 items (at 97 items/min)
2025-09-17 19:07:58 [scrapy.extensions.logstats] INFO: Crawled 1245 pages (at 97 pages/min), scraped 1229 items (at 97 items/min)
2025-09-17 19:08:58 [scrapy.extensions.logstats] INFO: Crawled 1343 pages (at 98 pages/min), scraped 1327 items (at 98 items/min)
2025-09-17 19:09:58 [scrapy.extensions.logstats] INFO: Crawled 1439 pages (at 96 pages/min), scraped 1423 items (at 96 items/min)
2025-09-17 19:10:58 [scrapy.extensions.logstats] INFO: Crawled 1517 pages (at 78 pages/min), scraped 1501 items (at 78 items/min)
2025-09-17 19:11:58 [scrapy.extensions.logstats] INFO: Crawled 1598 pages (at 81 pages/min), scraped 1582 items (at 81 items/min)
2025-09-17 19:12:58 [scrapy.extensions.logstats] INFO: Crawled 1673 pages (at 75 pages/min), scraped 1657 items (at 75 items/min)
2025-09-17 19:13:58 [scrapy.extensions.logstats] INFO: Crawled 1745 pages (at 72 pages/min), scraped 1729 items (at 72 items/min)
2025-09-17 19:14:58 [scrapy.extensions.logstats] INFO: Crawled 1821 pages (at 76 pages/min), scraped 1805 items (at 76 items/min)
2025-09-17 19:15:39 [py.warnings] WARNING: /usr/local/lib/python3.10/site-packages/scrapy/selector/unified.py:83: UserWarning: Selector got both text and root, root is being ignored.
  super().__init__(text=text, type=st, root=root, **kwargs)

2025-09-17 19:15:39 [py.warnings] WARNING: /usr/local/lib/python3.10/site-packages/scrapy/selector/unified.py:83: UserWarning: Selector got both text and root, root is being ignored.
  super().__init__(text=text, type=st, root=root, **kwargs)

2025-09-17 19:15:40 [py.warnings] WARNING: /usr/local/lib/python3.10/site-packages/scrapy/selector/unified.py:83: UserWarning: Selector got both text and root, root is being ignored.
  super().__init__(text=text, type=st, root=root, **kwargs)

2025-09-17 19:15:40 [py.warnings] WARNING: /usr/local/lib/python3.10/site-packages/scrapy/selector/unified.py:83: UserWarning: Selector got both text and root, root is being ignored.
  super().__init__(text=text, type=st, root=root, **kwargs)

2025-09-17 19:15:41 [py.warnings] WARNING: /usr/local/lib/python3.10/site-packages/scrapy/selector/unified.py:83: UserWarning: Selector got both text and root, root is being ignored.
  super().__init__(text=text, type=st, root=root, **kwargs)

2025-09-17 19:15:42 [py.warnings] WARNING: /usr/local/lib/python3.10/site-packages/scrapy/selector/unified.py:83: UserWarning: Selector got both text and root, root is being ignored.
  super().__init__(text=text, type=st, root=root, **kwargs)

2025-09-17 19:15:43 [py.warnings] WARNING: /usr/local/lib/python3.10/site-packages/scrapy/selector/unified.py:83: UserWarning: Selector got both text and root, root is being ignored.
  super().__init__(text=text, type=st, root=root, **kwargs)

2025-09-17 19:15:47 [py.warnings] WARNING: /usr/local/lib/python3.10/site-packages/scrapy/selector/unified.py:83: UserWarning: Selector got both text and root, root is being ignored.
  super().__init__(text=text, type=st, root=root, **kwargs)

2025-09-17 19:15:58 [scrapy.extensions.logstats] INFO: Crawled 1898 pages (at 77 pages/min), scraped 1873 items (at 68 items/min)
2025-09-17 19:16:58 [scrapy.extensions.logstats] INFO: Crawled 1974 pages (at 76 pages/min), scraped 1949 items (at 76 items/min)
2025-09-17 19:17:58 [scrapy.extensions.logstats] INFO: Crawled 2050 pages (at 76 pages/min), scraped 2026 items (at 77 items/min)
2025-09-17 19:18:58 [scrapy.extensions.logstats] INFO: Crawled 2139 pages (at 89 pages/min), scraped 2115 items (at 89 items/min)
2025-09-17 19:19:58 [scrapy.extensions.logstats] INFO: Crawled 2236 pages (at 97 pages/min), scraped 2211 items (at 96 items/min)
2025-09-17 19:20:58 [scrapy.extensions.logstats] INFO: Crawled 2331 pages (at 95 pages/min), scraped 2307 items (at 96 items/min)
2025-09-17 19:21:58 [scrapy.extensions.logstats] INFO: Crawled 2429 pages (at 98 pages/min), scraped 2404 items (at 97 items/min)
2025-09-17 19:22:58 [scrapy.extensions.logstats] INFO: Crawled 2525 pages (at 96 pages/min), scraped 2501 items (at 97 items/min)
2025-09-17 19:23:58 [scrapy.extensions.logstats] INFO: Crawled 2601 pages (at 76 pages/min), scraped 2577 items (at 76 items/min)
2025-09-17 19:24:58 [scrapy.extensions.logstats] INFO: Crawled 2679 pages (at 78 pages/min), scraped 2655 items (at 78 items/min)
2025-09-17 19:25:58 [scrapy.extensions.logstats] INFO: Crawled 2754 pages (at 75 pages/min), scraped 2730 items (at 75 items/min)
2025-09-17 19:26:58 [scrapy.extensions.logstats] INFO: Crawled 2834 pages (at 80 pages/min), scraped 2809 items (at 79 items/min)
2025-09-17 19:27:58 [scrapy.extensions.logstats] INFO: Crawled 2911 pages (at 77 pages/min), scraped 2887 items (at 78 items/min)
2025-09-17 19:28:58 [scrapy.extensions.logstats] INFO: Crawled 2987 pages (at 76 pages/min), scraped 2963 items (at 76 items/min)
2025-09-17 19:29:58 [scrapy.extensions.logstats] INFO: Crawled 3067 pages (at 80 pages/min), scraped 3043 items (at 80 items/min)
2025-09-17 19:30:58 [scrapy.extensions.logstats] INFO: Crawled 3144 pages (at 77 pages/min), scraped 3120 items (at 77 items/min)
2025-09-17 19:31:58 [scrapy.extensions.logstats] INFO: Crawled 3222 pages (at 78 pages/min), scraped 3197 items (at 77 items/min)
2025-09-17 19:32:58 [scrapy.extensions.logstats] INFO: Crawled 3300 pages (at 78 pages/min), scraped 3276 items (at 79 items/min)
2025-09-17 19:33:58 [scrapy.extensions.logstats] INFO: Crawled 3380 pages (at 80 pages/min), scraped 3356 items (at 80 items/min)
2025-09-17 19:34:58 [scrapy.extensions.logstats] INFO: Crawled 3454 pages (at 74 pages/min), scraped 3430 items (at 74 items/min)
2025-09-17 19:35:58 [scrapy.extensions.logstats] INFO: Crawled 3532 pages (at 78 pages/min), scraped 3508 items (at 78 items/min)
2025-09-17 19:36:43 [py.warnings] WARNING: /usr/local/lib/python3.10/site-packages/scrapy/selector/unified.py:83: UserWarning: Selector got both text and root, root is being ignored.
  super().__init__(text=text, type=st, root=root, **kwargs)

2025-09-17 19:36:58 [scrapy.extensions.logstats] INFO: Crawled 3609 pages (at 77 pages/min), scraped 3584 items (at 76 items/min)
2025-09-17 19:37:58 [scrapy.extensions.logstats] INFO: Crawled 3691 pages (at 82 pages/min), scraped 3666 items (at 82 items/min)
2025-09-17 19:38:00 [py.warnings] WARNING: /usr/local/lib/python3.10/site-packages/scrapy/selector/unified.py:83: UserWarning: Selector got both text and root, root is being ignored.
  super().__init__(text=text, type=st, root=root, **kwargs)

2025-09-17 19:38:00 [py.warnings] WARNING: /usr/local/lib/python3.10/site-packages/scrapy/selector/unified.py:83: UserWarning: Selector got both text and root, root is being ignored.
  super().__init__(text=text, type=st, root=root, **kwargs)

2025-09-17 19:38:02 [scrapy.downloadermiddlewares.retry] ERROR: Gave up retrying <GET http://ufcstats.com/fighter-details/12630a4aa0894da8> (failed 3 times): 429 Unknown Status
2025-09-17 19:38:02 [scrapy.spidermiddlewares.httperror] INFO: Ignoring response <429 http://ufcstats.com/fighter-details/12630a4aa0894da8>: HTTP status code is not handled or not allowed
2025-09-17 19:38:02 [py.warnings] WARNING: /usr/local/lib/python3.10/site-packages/scrapy/selector/unified.py:83: UserWarning: Selector got both text and root, root is being ignored.
  super().__init__(text=text, type=st, root=root, **kwargs)

2025-09-17 19:38:05 [scrapy.downloadermiddlewares.retry] ERROR: Gave up retrying <GET http://ufcstats.com/fighter-details/31652c9267606d54> (failed 3 times): 429 Unknown Status
2025-09-17 19:38:05 [scrapy.spidermiddlewares.httperror] INFO: Ignoring response <429 http://ufcstats.com/fighter-details/31652c9267606d54>: HTTP status code is not handled or not allowed
2025-09-17 19:38:08 [scrapy.downloadermiddlewares.retry] ERROR: Gave up retrying <GET http://ufcstats.com/fighter-details/86d9dbe1bfcbade7> (failed 3 times): 429 Unknown Status
2025-09-17 19:38:08 [scrapy.spidermiddlewares.httperror] INFO: Ignoring response <429 http://ufcstats.com/fighter-details/86d9dbe1bfcbade7>: HTTP status code is not handled or not allowed
2025-09-17 19:38:58 [scrapy.extensions.logstats] INFO: Crawled 3772 pages (at 81 pages/min), scraped 3742 items (at 76 items/min)
2025-09-17 19:39:58 [scrapy.extensions.logstats] INFO: Crawled 3851 pages (at 79 pages/min), scraped 3821 items (at 79 items/min)
2025-09-17 19:40:58 [scrapy.extensions.logstats] INFO: Crawled 3945 pages (at 94 pages/min), scraped 3915 items (at 94 items/min)
2025-09-17 19:41:58 [scrapy.extensions.logstats] INFO: Crawled 4042 pages (at 97 pages/min), scraped 4012 items (at 97 items/min)
2025-09-17 19:42:25 [py.warnings] WARNING: /usr/local/lib/python3.10/site-packages/scrapy/selector/unified.py:83: UserWarning: Selector got both text and root, root is being ignored.
  super().__init__(text=text, type=st, root=root, **kwargs)

2025-09-17 19:42:58 [scrapy.extensions.logstats] INFO: Crawled 4137 pages (at 95 pages/min), scraped 4106 items (at 94 items/min)
2025-09-17 19:43:58 [scrapy.extensions.logstats] INFO: Crawled 4239 pages (at 102 pages/min), scraped 4208 items (at 102 items/min)
2025-09-17 19:44:58 [scrapy.extensions.logstats] INFO: Crawled 4338 pages (at 99 pages/min), scraped 4307 items (at 99 items/min)
2025-09-17 19:45:58 [scrapy.extensions.logstats] INFO: Crawled 4435 pages (at 97 pages/min), scraped 4404 items (at 97 items/min)
2025-09-17 19:46:17 [scrapy.core.engine] INFO: Closing spider (finished)
2025-09-17 19:46:17 [scrapy.extensions.feedexport] INFO: Stored csv feed (4437 items) in: data/fighter_stats/2025-09-17T18-54-58.csv
2025-09-17 19:46:17 [scrapy.extensions.feedexport] INFO: Stored csv feed (4437 items) in: data/fighter_stats/latest.csv
2025-09-17 19:46:17 [scrapy.statscollectors] INFO: Dumping Scrapy stats:
{'downloader/request_bytes': 1544767,
 'downloader/request_count': 4985,
 'downloader/request_method_count/GET': 4985,
 'downloader/response_bytes': 18542151,
 'downloader/response_count': 4985,
 'downloader/response_status_count/200': 4464,
 'downloader/response_status_count/404': 1,
 'downloader/response_status_count/429': 520,
 'elapsed_time_seconds': 3079.381094,
 'feedexport/success_count/FileFeedStorage': 2,
 'finish_reason': 'finished',
 'finish_time': datetime.datetime(2025, 9, 17, 19, 46, 17, 900551),
 'httpcompression/response_bytes': 127996016,
 'httpcompression/response_count': 4464,
 'httperror/response_ignored_count': 3,
 'httperror/response_ignored_status_count/429': 3,
 'item_scraped_count': 4437,
 'log_count/ERROR': 3,
 'log_count/INFO': 66,
 'log_count/WARNING': 32,
 'memusage/max': 113618944,
 'memusage/startup': 75726848,
 'request_depth_max': 2,
 'response_received_count': 4468,
 'retry/count': 517,
 'retry/max_reached': 3,
 'retry/reason_count/429 Unknown Status': 517,
 'robotstxt/request_count': 1,
 'robotstxt/response_count': 1,
 'robotstxt/response_status_count/404': 1,
 'scheduler/dequeued': 4984,
 'scheduler/dequeued/memory': 4984,
 'scheduler/enqueued': 4984,
 'scheduler/enqueued/memory': 4984,
 'start_time': datetime.datetime(2025, 9, 17, 18, 54, 58, 519457)}
2025-09-17 19:46:17 [scrapy.core.engine] INFO: Spider closed (finished)
