2025-09-17 17:20:56 [scrapy.utils.log] INFO: Scrapy 2.8.0 started (bot: ufcStats)
2025-09-17 17:20:56 [scrapy.utils.log] INFO: Versions: lxml 6.0.1.0, libxml2 2.14.5, cssselect 1.3.0, parsel 1.10.0, w3lib 2.3.1, Twisted 21.7.0, Python 3.10.18 (main, Sep  8 2025, 21:42:39) [GCC 14.2.0], pyOpenSSL 25.3.0 (OpenSSL 3.5.3 16 Sep 2025), cryptography 46.0.1, Platform Linux-6.1.0-37-amd64-x86_64-with-glibc2.41
2025-09-17 17:20:56 [scrapy.crawler] INFO: Overridden settings:
{'BOT_NAME': 'ufcStats',
 'COOKIES_ENABLED': False,
 'DOWNLOAD_DELAY': 0.5,
 'LOG_FILE': 'log/2025-09-17T17-20-55.log',
 'LOG_LEVEL': 'INFO',
 'NEWSPIDER_MODULE': 'ufcStats.spiders',
 'ROBOTSTXT_OBEY': True,
 'SPIDER_MODULES': ['ufcStats.spiders']}
2025-09-17 17:20:56 [py.warnings] WARNING: /usr/local/lib/python3.10/site-packages/scrapy/utils/request.py:232: ScrapyDeprecationWarning: '2.6' is a deprecated value for the 'REQUEST_FINGERPRINTER_IMPLEMENTATION' setting.

It is also the default value. In other words, it is normal to get this warning if you have not defined a value for the 'REQUEST_FINGERPRINTER_IMPLEMENTATION' setting. This is so for backward compatibility reasons, but it will change in a future version of Scrapy.

See the documentation of the 'REQUEST_FINGERPRINTER_IMPLEMENTATION' setting for information on how to handle this deprecation.
  return cls(crawler)

2025-09-17 17:20:56 [scrapy.extensions.telnet] INFO: Telnet Password: ed817a3955c04ce1
2025-09-17 17:20:56 [py.warnings] WARNING: /usr/local/lib/python3.10/site-packages/scrapy/extensions/feedexport.py:315: ScrapyDeprecationWarning: The `FEED_URI` and `FEED_FORMAT` settings have been deprecated in favor of the `FEEDS` setting. Please see the `FEEDS` setting docs for more details
  exporter = cls(crawler)

2025-09-17 17:20:56 [scrapy.middleware] INFO: Enabled extensions:
['scrapy.extensions.corestats.CoreStats',
 'scrapy.extensions.telnet.TelnetConsole',
 'scrapy.extensions.memusage.MemoryUsage',
 'scrapy.extensions.feedexport.FeedExporter',
 'scrapy.extensions.logstats.LogStats']
2025-09-17 17:20:56 [scrapy.middleware] INFO: Enabled downloader middlewares:
['scrapy.downloadermiddlewares.robotstxt.RobotsTxtMiddleware',
 'scrapy.downloadermiddlewares.httpauth.HttpAuthMiddleware',
 'scrapy.downloadermiddlewares.downloadtimeout.DownloadTimeoutMiddleware',
 'scrapy.downloadermiddlewares.defaultheaders.DefaultHeadersMiddleware',
 'scrapy.downloadermiddlewares.useragent.UserAgentMiddleware',
 'scrapy.downloadermiddlewares.retry.RetryMiddleware',
 'scrapy.downloadermiddlewares.redirect.MetaRefreshMiddleware',
 'scrapy.downloadermiddlewares.httpcompression.HttpCompressionMiddleware',
 'scrapy.downloadermiddlewares.redirect.RedirectMiddleware',
 'scrapy.downloadermiddlewares.httpproxy.HttpProxyMiddleware',
 'scrapy.downloadermiddlewares.stats.DownloaderStats']
2025-09-17 17:20:56 [scrapy.middleware] INFO: Enabled spider middlewares:
['scrapy.spidermiddlewares.httperror.HttpErrorMiddleware',
 'scrapy.spidermiddlewares.offsite.OffsiteMiddleware',
 'scrapy.spidermiddlewares.referer.RefererMiddleware',
 'scrapy.spidermiddlewares.urllength.UrlLengthMiddleware',
 'scrapy.spidermiddlewares.depth.DepthMiddleware']
2025-09-17 17:20:56 [scrapy.middleware] INFO: Enabled item pipelines:
[]
2025-09-17 17:20:56 [scrapy.core.engine] INFO: Spider opened
2025-09-17 17:20:56 [scrapy.extensions.logstats] INFO: Crawled 0 pages (at 0 pages/min), scraped 0 items (at 0 items/min)
2025-09-17 17:20:56 [scrapy.extensions.telnet] INFO: Telnet console listening on 127.0.0.1:6023
2025-09-17 17:20:57 [py.warnings] WARNING: /usr/local/lib/python3.10/site-packages/scrapy/selector/unified.py:83: UserWarning: Selector got both text and root, root is being ignored.
  super().__init__(text=text, type=st, root=root, **kwargs)

2025-09-17 17:20:58 [py.warnings] WARNING: /usr/local/lib/python3.10/site-packages/scrapy/selector/unified.py:83: UserWarning: Selector got both text and root, root is being ignored.
  super().__init__(text=text, type=st, root=root, **kwargs)

2025-09-17 17:20:59 [py.warnings] WARNING: /usr/local/lib/python3.10/site-packages/scrapy/selector/unified.py:83: UserWarning: Selector got both text and root, root is being ignored.
  super().__init__(text=text, type=st, root=root, **kwargs)

2025-09-17 17:21:00 [py.warnings] WARNING: /usr/local/lib/python3.10/site-packages/scrapy/selector/unified.py:83: UserWarning: Selector got both text and root, root is being ignored.
  super().__init__(text=text, type=st, root=root, **kwargs)

2025-09-17 17:21:00 [py.warnings] WARNING: /usr/local/lib/python3.10/site-packages/scrapy/selector/unified.py:83: UserWarning: Selector got both text and root, root is being ignored.
  super().__init__(text=text, type=st, root=root, **kwargs)

2025-09-17 17:21:00 [py.warnings] WARNING: /usr/local/lib/python3.10/site-packages/scrapy/selector/unified.py:83: UserWarning: Selector got both text and root, root is being ignored.
  super().__init__(text=text, type=st, root=root, **kwargs)

2025-09-17 17:21:02 [py.warnings] WARNING: /usr/local/lib/python3.10/site-packages/scrapy/selector/unified.py:83: UserWarning: Selector got both text and root, root is being ignored.
  super().__init__(text=text, type=st, root=root, **kwargs)

2025-09-17 17:21:02 [py.warnings] WARNING: /usr/local/lib/python3.10/site-packages/scrapy/selector/unified.py:83: UserWarning: Selector got both text and root, root is being ignored.
  super().__init__(text=text, type=st, root=root, **kwargs)

2025-09-17 17:21:03 [py.warnings] WARNING: /usr/local/lib/python3.10/site-packages/scrapy/selector/unified.py:83: UserWarning: Selector got both text and root, root is being ignored.
  super().__init__(text=text, type=st, root=root, **kwargs)

2025-09-17 17:21:04 [py.warnings] WARNING: /usr/local/lib/python3.10/site-packages/scrapy/selector/unified.py:83: UserWarning: Selector got both text and root, root is being ignored.
  super().__init__(text=text, type=st, root=root, **kwargs)

2025-09-17 17:21:04 [py.warnings] WARNING: /usr/local/lib/python3.10/site-packages/scrapy/selector/unified.py:83: UserWarning: Selector got both text and root, root is being ignored.
  super().__init__(text=text, type=st, root=root, **kwargs)

2025-09-17 17:21:04 [py.warnings] WARNING: /usr/local/lib/python3.10/site-packages/scrapy/selector/unified.py:83: UserWarning: Selector got both text and root, root is being ignored.
  super().__init__(text=text, type=st, root=root, **kwargs)

2025-09-17 17:21:05 [py.warnings] WARNING: /usr/local/lib/python3.10/site-packages/scrapy/selector/unified.py:83: UserWarning: Selector got both text and root, root is being ignored.
  super().__init__(text=text, type=st, root=root, **kwargs)

2025-09-17 17:21:06 [py.warnings] WARNING: /usr/local/lib/python3.10/site-packages/scrapy/selector/unified.py:83: UserWarning: Selector got both text and root, root is being ignored.
  super().__init__(text=text, type=st, root=root, **kwargs)

2025-09-17 17:21:06 [py.warnings] WARNING: /usr/local/lib/python3.10/site-packages/scrapy/selector/unified.py:83: UserWarning: Selector got both text and root, root is being ignored.
  super().__init__(text=text, type=st, root=root, **kwargs)

2025-09-17 17:21:07 [py.warnings] WARNING: /usr/local/lib/python3.10/site-packages/scrapy/selector/unified.py:83: UserWarning: Selector got both text and root, root is being ignored.
  super().__init__(text=text, type=st, root=root, **kwargs)

2025-09-17 17:21:07 [py.warnings] WARNING: /usr/local/lib/python3.10/site-packages/scrapy/selector/unified.py:83: UserWarning: Selector got both text and root, root is being ignored.
  super().__init__(text=text, type=st, root=root, **kwargs)

2025-09-17 17:21:08 [py.warnings] WARNING: /usr/local/lib/python3.10/site-packages/scrapy/selector/unified.py:83: UserWarning: Selector got both text and root, root is being ignored.
  super().__init__(text=text, type=st, root=root, **kwargs)

2025-09-17 17:21:08 [py.warnings] WARNING: /usr/local/lib/python3.10/site-packages/scrapy/selector/unified.py:83: UserWarning: Selector got both text and root, root is being ignored.
  super().__init__(text=text, type=st, root=root, **kwargs)

2025-09-17 17:21:09 [py.warnings] WARNING: /usr/local/lib/python3.10/site-packages/scrapy/selector/unified.py:83: UserWarning: Selector got both text and root, root is being ignored.
  super().__init__(text=text, type=st, root=root, **kwargs)

2025-09-17 17:21:56 [scrapy.extensions.logstats] INFO: Crawled 98 pages (at 98 pages/min), scraped 79 items (at 79 items/min)
2025-09-17 17:22:56 [scrapy.extensions.logstats] INFO: Crawled 200 pages (at 102 pages/min), scraped 181 items (at 102 items/min)
2025-09-17 17:23:56 [scrapy.extensions.logstats] INFO: Crawled 299 pages (at 99 pages/min), scraped 280 items (at 99 items/min)
2025-09-17 17:24:56 [scrapy.extensions.logstats] INFO: Crawled 398 pages (at 99 pages/min), scraped 379 items (at 99 items/min)
2025-09-17 17:25:56 [scrapy.extensions.logstats] INFO: Crawled 496 pages (at 98 pages/min), scraped 477 items (at 98 items/min)
2025-09-17 17:26:56 [scrapy.extensions.logstats] INFO: Crawled 592 pages (at 96 pages/min), scraped 573 items (at 96 items/min)
2025-09-17 17:27:56 [scrapy.extensions.logstats] INFO: Crawled 690 pages (at 98 pages/min), scraped 671 items (at 98 items/min)
2025-09-17 17:28:56 [scrapy.extensions.logstats] INFO: Crawled 790 pages (at 100 pages/min), scraped 771 items (at 100 items/min)
2025-09-17 17:29:56 [scrapy.extensions.logstats] INFO: Crawled 892 pages (at 102 pages/min), scraped 873 items (at 102 items/min)
2025-09-17 17:30:56 [scrapy.extensions.logstats] INFO: Crawled 989 pages (at 97 pages/min), scraped 970 items (at 97 items/min)
2025-09-17 17:31:56 [scrapy.extensions.logstats] INFO: Crawled 1087 pages (at 98 pages/min), scraped 1068 items (at 98 items/min)
2025-09-17 17:32:56 [scrapy.extensions.logstats] INFO: Crawled 1183 pages (at 96 pages/min), scraped 1163 items (at 95 items/min)
2025-09-17 17:33:56 [scrapy.extensions.logstats] INFO: Crawled 1284 pages (at 101 pages/min), scraped 1265 items (at 102 items/min)
2025-09-17 17:34:56 [scrapy.extensions.logstats] INFO: Crawled 1383 pages (at 99 pages/min), scraped 1364 items (at 99 items/min)
2025-09-17 17:35:56 [scrapy.extensions.logstats] INFO: Crawled 1479 pages (at 96 pages/min), scraped 1460 items (at 96 items/min)
2025-09-17 17:36:56 [scrapy.extensions.logstats] INFO: Crawled 1579 pages (at 100 pages/min), scraped 1560 items (at 100 items/min)
2025-09-17 17:37:56 [scrapy.extensions.logstats] INFO: Crawled 1678 pages (at 99 pages/min), scraped 1659 items (at 99 items/min)
2025-09-17 17:38:56 [scrapy.extensions.logstats] INFO: Crawled 1778 pages (at 100 pages/min), scraped 1758 items (at 99 items/min)
2025-09-17 17:39:56 [scrapy.extensions.logstats] INFO: Crawled 1877 pages (at 99 pages/min), scraped 1858 items (at 100 items/min)
2025-09-17 17:40:56 [scrapy.extensions.logstats] INFO: Crawled 1973 pages (at 96 pages/min), scraped 1954 items (at 96 items/min)
2025-09-17 17:41:56 [scrapy.extensions.logstats] INFO: Crawled 2071 pages (at 98 pages/min), scraped 2052 items (at 98 items/min)
2025-09-17 17:42:56 [scrapy.extensions.logstats] INFO: Crawled 2170 pages (at 99 pages/min), scraped 2151 items (at 99 items/min)
2025-09-17 17:43:56 [scrapy.extensions.logstats] INFO: Crawled 2267 pages (at 97 pages/min), scraped 2248 items (at 97 items/min)
2025-09-17 17:44:56 [scrapy.extensions.logstats] INFO: Crawled 2366 pages (at 99 pages/min), scraped 2347 items (at 99 items/min)
2025-09-17 17:45:56 [scrapy.extensions.logstats] INFO: Crawled 2463 pages (at 97 pages/min), scraped 2444 items (at 97 items/min)
2025-09-17 17:46:06 [py.warnings] WARNING: /usr/local/lib/python3.10/site-packages/scrapy/selector/unified.py:83: UserWarning: Selector got both text and root, root is being ignored.
  super().__init__(text=text, type=st, root=root, **kwargs)

2025-09-17 17:46:06 [py.warnings] WARNING: /usr/local/lib/python3.10/site-packages/scrapy/selector/unified.py:83: UserWarning: Selector got both text and root, root is being ignored.
  super().__init__(text=text, type=st, root=root, **kwargs)

2025-09-17 17:46:06 [py.warnings] WARNING: /usr/local/lib/python3.10/site-packages/scrapy/selector/unified.py:83: UserWarning: Selector got both text and root, root is being ignored.
  super().__init__(text=text, type=st, root=root, **kwargs)

2025-09-17 17:46:07 [py.warnings] WARNING: /usr/local/lib/python3.10/site-packages/scrapy/selector/unified.py:83: UserWarning: Selector got both text and root, root is being ignored.
  super().__init__(text=text, type=st, root=root, **kwargs)

2025-09-17 17:46:08 [py.warnings] WARNING: /usr/local/lib/python3.10/site-packages/scrapy/selector/unified.py:83: UserWarning: Selector got both text and root, root is being ignored.
  super().__init__(text=text, type=st, root=root, **kwargs)

2025-09-17 17:46:09 [py.warnings] WARNING: /usr/local/lib/python3.10/site-packages/scrapy/selector/unified.py:83: UserWarning: Selector got both text and root, root is being ignored.
  super().__init__(text=text, type=st, root=root, **kwargs)

2025-09-17 17:46:09 [py.warnings] WARNING: /usr/local/lib/python3.10/site-packages/scrapy/selector/unified.py:83: UserWarning: Selector got both text and root, root is being ignored.
  super().__init__(text=text, type=st, root=root, **kwargs)

2025-09-17 17:46:10 [py.warnings] WARNING: /usr/local/lib/python3.10/site-packages/scrapy/selector/unified.py:83: UserWarning: Selector got both text and root, root is being ignored.
  super().__init__(text=text, type=st, root=root, **kwargs)

2025-09-17 17:46:10 [py.warnings] WARNING: /usr/local/lib/python3.10/site-packages/scrapy/selector/unified.py:83: UserWarning: Selector got both text and root, root is being ignored.
  super().__init__(text=text, type=st, root=root, **kwargs)

2025-09-17 17:46:56 [scrapy.extensions.logstats] INFO: Crawled 2561 pages (at 98 pages/min), scraped 2533 items (at 89 items/min)
2025-09-17 17:47:56 [scrapy.extensions.logstats] INFO: Crawled 2659 pages (at 98 pages/min), scraped 2631 items (at 98 items/min)
2025-09-17 17:48:56 [scrapy.extensions.logstats] INFO: Crawled 2757 pages (at 98 pages/min), scraped 2729 items (at 98 items/min)
2025-09-17 17:49:56 [scrapy.extensions.logstats] INFO: Crawled 2857 pages (at 100 pages/min), scraped 2829 items (at 100 items/min)
2025-09-17 17:50:56 [scrapy.extensions.logstats] INFO: Crawled 2954 pages (at 97 pages/min), scraped 2926 items (at 97 items/min)
2025-09-17 17:51:56 [scrapy.extensions.logstats] INFO: Crawled 3051 pages (at 97 pages/min), scraped 3023 items (at 97 items/min)
2025-09-17 17:52:56 [scrapy.extensions.logstats] INFO: Crawled 3150 pages (at 99 pages/min), scraped 3122 items (at 99 items/min)
2025-09-17 17:53:56 [scrapy.extensions.logstats] INFO: Crawled 3250 pages (at 100 pages/min), scraped 3222 items (at 100 items/min)
2025-09-17 17:54:56 [scrapy.extensions.logstats] INFO: Crawled 3350 pages (at 100 pages/min), scraped 3322 items (at 100 items/min)
2025-09-17 17:55:56 [scrapy.extensions.logstats] INFO: Crawled 3443 pages (at 93 pages/min), scraped 3414 items (at 92 items/min)
2025-09-17 17:56:56 [scrapy.extensions.logstats] INFO: Crawled 3538 pages (at 95 pages/min), scraped 3509 items (at 95 items/min)
2025-09-17 17:57:56 [scrapy.extensions.logstats] INFO: Crawled 3632 pages (at 94 pages/min), scraped 3603 items (at 94 items/min)
2025-09-17 17:58:56 [scrapy.extensions.logstats] INFO: Crawled 3730 pages (at 98 pages/min), scraped 3702 items (at 99 items/min)
2025-09-17 17:59:56 [scrapy.extensions.logstats] INFO: Crawled 3825 pages (at 95 pages/min), scraped 3797 items (at 95 items/min)
2025-09-17 18:00:56 [scrapy.extensions.logstats] INFO: Crawled 3919 pages (at 94 pages/min), scraped 3891 items (at 94 items/min)
2025-09-17 18:01:56 [scrapy.extensions.logstats] INFO: Crawled 4016 pages (at 97 pages/min), scraped 3988 items (at 97 items/min)
2025-09-17 18:02:56 [scrapy.extensions.logstats] INFO: Crawled 4113 pages (at 97 pages/min), scraped 4084 items (at 96 items/min)
2025-09-17 18:03:56 [scrapy.extensions.logstats] INFO: Crawled 4216 pages (at 103 pages/min), scraped 4187 items (at 103 items/min)
2025-09-17 18:04:56 [scrapy.extensions.logstats] INFO: Crawled 4312 pages (at 96 pages/min), scraped 4284 items (at 97 items/min)
2025-09-17 18:05:56 [scrapy.extensions.logstats] INFO: Crawled 4409 pages (at 97 pages/min), scraped 4381 items (at 97 items/min)
2025-09-17 18:06:33 [scrapy.core.engine] INFO: Closing spider (finished)
2025-09-17 18:06:33 [scrapy.extensions.feedexport] INFO: Stored csv feed (4440 items) in: data/fighter_stats/2025-09-17T17-20-56.csv
2025-09-17 18:06:33 [scrapy.extensions.feedexport] INFO: Stored csv feed (4440 items) in: data/fighter_stats/latest.csv
2025-09-17 18:06:33 [scrapy.statscollectors] INFO: Dumping Scrapy stats:
{'downloader/request_bytes': 1384575,
 'downloader/request_count': 4468,
 'downloader/request_method_count/GET': 4468,
 'downloader/response_bytes': 18506666,
 'downloader/response_count': 4468,
 'downloader/response_status_count/200': 4467,
 'downloader/response_status_count/404': 1,
 'elapsed_time_seconds': 2736.817602,
 'feedexport/success_count/FileFeedStorage': 2,
 'finish_reason': 'finished',
 'finish_time': datetime.datetime(2025, 9, 17, 18, 6, 33, 649901),
 'httpcompression/response_bytes': 128054654,
 'httpcompression/response_count': 4467,
 'item_scraped_count': 4440,
 'log_count/INFO': 57,
 'log_count/WARNING': 31,
 'memusage/max': 116596736,
 'memusage/startup': 76201984,
 'request_depth_max': 2,
 'response_received_count': 4468,
 'robotstxt/request_count': 1,
 'robotstxt/response_count': 1,
 'robotstxt/response_status_count/404': 1,
 'scheduler/dequeued': 4467,
 'scheduler/dequeued/memory': 4467,
 'scheduler/enqueued': 4467,
 'scheduler/enqueued/memory': 4467,
 'start_time': datetime.datetime(2025, 9, 17, 17, 20, 56, 832299)}
2025-09-17 18:06:33 [scrapy.core.engine] INFO: Spider closed (finished)
