2025-09-17 18:13:41 [scrapy.utils.log] INFO: Scrapy 2.8.0 started (bot: ufcStats)
2025-09-17 18:13:41 [scrapy.utils.log] INFO: Versions: lxml 6.0.1.0, libxml2 2.14.5, cssselect 1.3.0, parsel 1.10.0, w3lib 2.3.1, Twisted 21.7.0, Python 3.10.18 (main, Sep  8 2025, 21:42:39) [GCC 14.2.0], pyOpenSSL 25.3.0 (OpenSSL 3.5.3 16 Sep 2025), cryptography 46.0.1, Platform Linux-6.1.0-37-amd64-x86_64-with-glibc2.41
2025-09-17 18:13:41 [scrapy.crawler] INFO: Overridden settings:
{'BOT_NAME': 'ufcStats',
 'COOKIES_ENABLED': False,
 'DOWNLOAD_DELAY': 0.5,
 'LOG_FILE': 'log/2025-09-17T18-13-40.log',
 'LOG_LEVEL': 'INFO',
 'NEWSPIDER_MODULE': 'ufcStats.spiders',
 'ROBOTSTXT_OBEY': True,
 'SPIDER_MODULES': ['ufcStats.spiders']}
2025-09-17 18:13:41 [py.warnings] WARNING: /usr/local/lib/python3.10/site-packages/scrapy/utils/request.py:232: ScrapyDeprecationWarning: '2.6' is a deprecated value for the 'REQUEST_FINGERPRINTER_IMPLEMENTATION' setting.

It is also the default value. In other words, it is normal to get this warning if you have not defined a value for the 'REQUEST_FINGERPRINTER_IMPLEMENTATION' setting. This is so for backward compatibility reasons, but it will change in a future version of Scrapy.

See the documentation of the 'REQUEST_FINGERPRINTER_IMPLEMENTATION' setting for information on how to handle this deprecation.
  return cls(crawler)

2025-09-17 18:13:41 [scrapy.extensions.telnet] INFO: Telnet Password: 6a3489547673606e
2025-09-17 18:13:41 [py.warnings] WARNING: /usr/local/lib/python3.10/site-packages/scrapy/extensions/feedexport.py:315: ScrapyDeprecationWarning: The `FEED_URI` and `FEED_FORMAT` settings have been deprecated in favor of the `FEEDS` setting. Please see the `FEEDS` setting docs for more details
  exporter = cls(crawler)

2025-09-17 18:13:41 [scrapy.middleware] INFO: Enabled extensions:
['scrapy.extensions.corestats.CoreStats',
 'scrapy.extensions.telnet.TelnetConsole',
 'scrapy.extensions.memusage.MemoryUsage',
 'scrapy.extensions.feedexport.FeedExporter',
 'scrapy.extensions.logstats.LogStats']
2025-09-17 18:13:42 [scrapy.middleware] INFO: Enabled downloader middlewares:
['scrapy.downloadermiddlewares.robotstxt.RobotsTxtMiddleware',
 'scrapy.downloadermiddlewares.httpauth.HttpAuthMiddleware',
 'scrapy.downloadermiddlewares.downloadtimeout.DownloadTimeoutMiddleware',
 'scrapy.downloadermiddlewares.defaultheaders.DefaultHeadersMiddleware',
 'scrapy.downloadermiddlewares.useragent.UserAgentMiddleware',
 'scrapy.downloadermiddlewares.retry.RetryMiddleware',
 'scrapy.downloadermiddlewares.redirect.MetaRefreshMiddleware',
 'scrapy.downloadermiddlewares.httpcompression.HttpCompressionMiddleware',
 'scrapy.downloadermiddlewares.redirect.RedirectMiddleware',
 'scrapy.downloadermiddlewares.httpproxy.HttpProxyMiddleware',
 'scrapy.downloadermiddlewares.stats.DownloaderStats']
2025-09-17 18:13:42 [scrapy.middleware] INFO: Enabled spider middlewares:
['scrapy.spidermiddlewares.httperror.HttpErrorMiddleware',
 'scrapy.spidermiddlewares.offsite.OffsiteMiddleware',
 'scrapy.spidermiddlewares.referer.RefererMiddleware',
 'scrapy.spidermiddlewares.urllength.UrlLengthMiddleware',
 'scrapy.spidermiddlewares.depth.DepthMiddleware']
2025-09-17 18:13:42 [scrapy.middleware] INFO: Enabled item pipelines:
[]
2025-09-17 18:13:42 [scrapy.core.engine] INFO: Spider opened
2025-09-17 18:13:42 [scrapy.extensions.logstats] INFO: Crawled 0 pages (at 0 pages/min), scraped 0 items (at 0 items/min)
2025-09-17 18:13:42 [scrapy.extensions.telnet] INFO: Telnet console listening on 127.0.0.1:6023
2025-09-17 18:13:44 [scrapy.crawler] INFO: Received SIGINT, shutting down gracefully. Send again to force 
2025-09-17 18:13:44 [scrapy.core.engine] INFO: Closing spider (shutdown)
2025-09-17 18:13:46 [scrapy.crawler] INFO: Received SIGINT twice, forcing unclean shutdown
