2025-09-17 17:28:28 [scrapy.utils.log] INFO: Scrapy 2.8.0 started (bot: ufcStats)
2025-09-17 17:28:28 [scrapy.utils.log] INFO: Versions: lxml 6.0.1.0, libxml2 2.14.5, cssselect 1.3.0, parsel 1.10.0, w3lib 2.3.1, Twisted 21.7.0, Python 3.10.18 (main, Sep  8 2025, 21:42:39) [GCC 14.2.0], pyOpenSSL 25.3.0 (OpenSSL 3.5.3 16 Sep 2025), cryptography 46.0.1, Platform Linux-6.1.0-37-amd64-x86_64-with-glibc2.41
2025-09-17 17:28:28 [scrapy.crawler] INFO: Overridden settings:
{'BOT_NAME': 'ufcStats',
 'COOKIES_ENABLED': False,
 'DOWNLOAD_DELAY': 0.5,
 'LOG_FILE': 'log/2025-09-17T17-28-27.log',
 'LOG_LEVEL': 'INFO',
 'NEWSPIDER_MODULE': 'ufcStats.spiders',
 'ROBOTSTXT_OBEY': True,
 'SPIDER_MODULES': ['ufcStats.spiders']}
2025-09-17 17:28:28 [py.warnings] WARNING: /usr/local/lib/python3.10/site-packages/scrapy/utils/request.py:232: ScrapyDeprecationWarning: '2.6' is a deprecated value for the 'REQUEST_FINGERPRINTER_IMPLEMENTATION' setting.

It is also the default value. In other words, it is normal to get this warning if you have not defined a value for the 'REQUEST_FINGERPRINTER_IMPLEMENTATION' setting. This is so for backward compatibility reasons, but it will change in a future version of Scrapy.

See the documentation of the 'REQUEST_FINGERPRINTER_IMPLEMENTATION' setting for information on how to handle this deprecation.
  return cls(crawler)

2025-09-17 17:28:28 [scrapy.extensions.telnet] INFO: Telnet Password: cb24f7b5351c8fa6
2025-09-17 17:28:28 [py.warnings] WARNING: /usr/local/lib/python3.10/site-packages/scrapy/extensions/feedexport.py:315: ScrapyDeprecationWarning: The `FEED_URI` and `FEED_FORMAT` settings have been deprecated in favor of the `FEEDS` setting. Please see the `FEEDS` setting docs for more details
  exporter = cls(crawler)

2025-09-17 17:28:28 [scrapy.middleware] INFO: Enabled extensions:
['scrapy.extensions.corestats.CoreStats',
 'scrapy.extensions.telnet.TelnetConsole',
 'scrapy.extensions.memusage.MemoryUsage',
 'scrapy.extensions.feedexport.FeedExporter',
 'scrapy.extensions.logstats.LogStats']
2025-09-17 17:28:29 [scrapy.middleware] INFO: Enabled downloader middlewares:
['scrapy.downloadermiddlewares.robotstxt.RobotsTxtMiddleware',
 'scrapy.downloadermiddlewares.httpauth.HttpAuthMiddleware',
 'scrapy.downloadermiddlewares.downloadtimeout.DownloadTimeoutMiddleware',
 'scrapy.downloadermiddlewares.defaultheaders.DefaultHeadersMiddleware',
 'scrapy.downloadermiddlewares.useragent.UserAgentMiddleware',
 'scrapy.downloadermiddlewares.retry.RetryMiddleware',
 'scrapy.downloadermiddlewares.redirect.MetaRefreshMiddleware',
 'scrapy.downloadermiddlewares.httpcompression.HttpCompressionMiddleware',
 'scrapy.downloadermiddlewares.redirect.RedirectMiddleware',
 'scrapy.downloadermiddlewares.httpproxy.HttpProxyMiddleware',
 'scrapy.downloadermiddlewares.stats.DownloaderStats']
2025-09-17 17:28:29 [scrapy.middleware] INFO: Enabled spider middlewares:
['scrapy.spidermiddlewares.httperror.HttpErrorMiddleware',
 'scrapy.spidermiddlewares.offsite.OffsiteMiddleware',
 'scrapy.spidermiddlewares.referer.RefererMiddleware',
 'scrapy.spidermiddlewares.urllength.UrlLengthMiddleware',
 'scrapy.spidermiddlewares.depth.DepthMiddleware']
2025-09-17 17:28:29 [scrapy.middleware] INFO: Enabled item pipelines:
[]
2025-09-17 17:28:29 [scrapy.core.engine] INFO: Spider opened
2025-09-17 17:28:29 [scrapy.extensions.logstats] INFO: Crawled 0 pages (at 0 pages/min), scraped 0 items (at 0 items/min)
2025-09-17 17:28:29 [scrapy.extensions.telnet] INFO: Telnet console listening on 127.0.0.1:6023
2025-09-17 17:28:29 [py.warnings] WARNING: /usr/local/lib/python3.10/site-packages/scrapy/selector/unified.py:83: UserWarning: Selector got both text and root, root is being ignored.
  super().__init__(text=text, type=st, root=root, **kwargs)

2025-09-17 17:28:30 [py.warnings] WARNING: /usr/local/lib/python3.10/site-packages/scrapy/selector/unified.py:83: UserWarning: Selector got both text and root, root is being ignored.
  super().__init__(text=text, type=st, root=root, **kwargs)

2025-09-17 17:28:31 [py.warnings] WARNING: /usr/local/lib/python3.10/site-packages/scrapy/selector/unified.py:83: UserWarning: Selector got both text and root, root is being ignored.
  super().__init__(text=text, type=st, root=root, **kwargs)

2025-09-17 17:28:32 [py.warnings] WARNING: /usr/local/lib/python3.10/site-packages/scrapy/selector/unified.py:83: UserWarning: Selector got both text and root, root is being ignored.
  super().__init__(text=text, type=st, root=root, **kwargs)

2025-09-17 17:28:32 [py.warnings] WARNING: /usr/local/lib/python3.10/site-packages/scrapy/selector/unified.py:83: UserWarning: Selector got both text and root, root is being ignored.
  super().__init__(text=text, type=st, root=root, **kwargs)

2025-09-17 17:28:33 [py.warnings] WARNING: /usr/local/lib/python3.10/site-packages/scrapy/selector/unified.py:83: UserWarning: Selector got both text and root, root is being ignored.
  super().__init__(text=text, type=st, root=root, **kwargs)

2025-09-17 17:28:33 [py.warnings] WARNING: /usr/local/lib/python3.10/site-packages/scrapy/selector/unified.py:83: UserWarning: Selector got both text and root, root is being ignored.
  super().__init__(text=text, type=st, root=root, **kwargs)

2025-09-17 17:28:34 [py.warnings] WARNING: /usr/local/lib/python3.10/site-packages/scrapy/selector/unified.py:83: UserWarning: Selector got both text and root, root is being ignored.
  super().__init__(text=text, type=st, root=root, **kwargs)

2025-09-17 17:28:35 [py.warnings] WARNING: /usr/local/lib/python3.10/site-packages/scrapy/selector/unified.py:83: UserWarning: Selector got both text and root, root is being ignored.
  super().__init__(text=text, type=st, root=root, **kwargs)

2025-09-17 17:28:35 [py.warnings] WARNING: /usr/local/lib/python3.10/site-packages/scrapy/selector/unified.py:83: UserWarning: Selector got both text and root, root is being ignored.
  super().__init__(text=text, type=st, root=root, **kwargs)

2025-09-17 17:28:36 [py.warnings] WARNING: /usr/local/lib/python3.10/site-packages/scrapy/selector/unified.py:83: UserWarning: Selector got both text and root, root is being ignored.
  super().__init__(text=text, type=st, root=root, **kwargs)

2025-09-17 17:28:37 [py.warnings] WARNING: /usr/local/lib/python3.10/site-packages/scrapy/selector/unified.py:83: UserWarning: Selector got both text and root, root is being ignored.
  super().__init__(text=text, type=st, root=root, **kwargs)

2025-09-17 17:28:37 [py.warnings] WARNING: /usr/local/lib/python3.10/site-packages/scrapy/selector/unified.py:83: UserWarning: Selector got both text and root, root is being ignored.
  super().__init__(text=text, type=st, root=root, **kwargs)

2025-09-17 17:28:37 [py.warnings] WARNING: /usr/local/lib/python3.10/site-packages/scrapy/selector/unified.py:83: UserWarning: Selector got both text and root, root is being ignored.
  super().__init__(text=text, type=st, root=root, **kwargs)

2025-09-17 17:28:38 [py.warnings] WARNING: /usr/local/lib/python3.10/site-packages/scrapy/selector/unified.py:83: UserWarning: Selector got both text and root, root is being ignored.
  super().__init__(text=text, type=st, root=root, **kwargs)

2025-09-17 17:28:39 [py.warnings] WARNING: /usr/local/lib/python3.10/site-packages/scrapy/selector/unified.py:83: UserWarning: Selector got both text and root, root is being ignored.
  super().__init__(text=text, type=st, root=root, **kwargs)

2025-09-17 17:28:39 [py.warnings] WARNING: /usr/local/lib/python3.10/site-packages/scrapy/selector/unified.py:83: UserWarning: Selector got both text and root, root is being ignored.
  super().__init__(text=text, type=st, root=root, **kwargs)

2025-09-17 17:28:40 [py.warnings] WARNING: /usr/local/lib/python3.10/site-packages/scrapy/selector/unified.py:83: UserWarning: Selector got both text and root, root is being ignored.
  super().__init__(text=text, type=st, root=root, **kwargs)

2025-09-17 17:28:40 [py.warnings] WARNING: /usr/local/lib/python3.10/site-packages/scrapy/selector/unified.py:83: UserWarning: Selector got both text and root, root is being ignored.
  super().__init__(text=text, type=st, root=root, **kwargs)

2025-09-17 17:29:29 [scrapy.extensions.logstats] INFO: Crawled 101 pages (at 101 pages/min), scraped 82 items (at 82 items/min)
2025-09-17 17:30:29 [scrapy.extensions.logstats] INFO: Crawled 196 pages (at 95 pages/min), scraped 177 items (at 95 items/min)
2025-09-17 17:31:29 [scrapy.extensions.logstats] INFO: Crawled 294 pages (at 98 pages/min), scraped 275 items (at 98 items/min)
2025-09-17 17:32:29 [scrapy.extensions.logstats] INFO: Crawled 393 pages (at 99 pages/min), scraped 374 items (at 99 items/min)
2025-09-17 17:33:29 [scrapy.extensions.logstats] INFO: Crawled 493 pages (at 100 pages/min), scraped 474 items (at 100 items/min)
2025-09-17 17:34:29 [scrapy.extensions.logstats] INFO: Crawled 590 pages (at 97 pages/min), scraped 571 items (at 97 items/min)
2025-09-17 17:35:29 [scrapy.extensions.logstats] INFO: Crawled 689 pages (at 99 pages/min), scraped 669 items (at 98 items/min)
2025-09-17 17:36:29 [scrapy.extensions.logstats] INFO: Crawled 785 pages (at 96 pages/min), scraped 765 items (at 96 items/min)
2025-09-17 17:37:29 [scrapy.extensions.logstats] INFO: Crawled 878 pages (at 93 pages/min), scraped 859 items (at 94 items/min)
2025-09-17 17:38:29 [scrapy.extensions.logstats] INFO: Crawled 977 pages (at 99 pages/min), scraped 958 items (at 99 items/min)
2025-09-17 17:39:29 [scrapy.extensions.logstats] INFO: Crawled 1078 pages (at 101 pages/min), scraped 1059 items (at 101 items/min)
2025-09-17 17:40:29 [scrapy.extensions.logstats] INFO: Crawled 1178 pages (at 100 pages/min), scraped 1159 items (at 100 items/min)
2025-09-17 17:41:29 [scrapy.extensions.logstats] INFO: Crawled 1276 pages (at 98 pages/min), scraped 1257 items (at 98 items/min)
2025-09-17 17:42:29 [scrapy.extensions.logstats] INFO: Crawled 1375 pages (at 99 pages/min), scraped 1356 items (at 99 items/min)
2025-09-17 17:43:29 [scrapy.extensions.logstats] INFO: Crawled 1472 pages (at 97 pages/min), scraped 1453 items (at 97 items/min)
2025-09-17 17:44:29 [scrapy.extensions.logstats] INFO: Crawled 1568 pages (at 96 pages/min), scraped 1549 items (at 96 items/min)
2025-09-17 17:45:29 [scrapy.extensions.logstats] INFO: Crawled 1667 pages (at 99 pages/min), scraped 1648 items (at 99 items/min)
2025-09-17 17:46:29 [scrapy.extensions.logstats] INFO: Crawled 1765 pages (at 98 pages/min), scraped 1746 items (at 98 items/min)
2025-09-17 17:47:29 [scrapy.extensions.logstats] INFO: Crawled 1863 pages (at 98 pages/min), scraped 1843 items (at 97 items/min)
2025-09-17 17:48:29 [scrapy.extensions.logstats] INFO: Crawled 1956 pages (at 93 pages/min), scraped 1937 items (at 94 items/min)
2025-09-17 17:49:29 [scrapy.extensions.logstats] INFO: Crawled 2052 pages (at 96 pages/min), scraped 2033 items (at 96 items/min)
2025-09-17 17:50:29 [scrapy.extensions.logstats] INFO: Crawled 2148 pages (at 96 pages/min), scraped 2129 items (at 96 items/min)
2025-09-17 17:51:29 [scrapy.extensions.logstats] INFO: Crawled 2248 pages (at 100 pages/min), scraped 2228 items (at 99 items/min)
2025-09-17 17:52:29 [scrapy.extensions.logstats] INFO: Crawled 2345 pages (at 97 pages/min), scraped 2326 items (at 98 items/min)
2025-09-17 17:53:29 [scrapy.extensions.logstats] INFO: Crawled 2444 pages (at 99 pages/min), scraped 2425 items (at 99 items/min)
2025-09-17 17:54:29 [scrapy.extensions.logstats] INFO: Crawled 2543 pages (at 99 pages/min), scraped 2523 items (at 98 items/min)
2025-09-17 17:55:29 [scrapy.extensions.logstats] INFO: Crawled 2638 pages (at 95 pages/min), scraped 2619 items (at 96 items/min)
2025-09-17 17:56:29 [scrapy.extensions.logstats] INFO: Crawled 2735 pages (at 97 pages/min), scraped 2716 items (at 97 items/min)
2025-09-17 17:57:29 [scrapy.extensions.logstats] INFO: Crawled 2830 pages (at 95 pages/min), scraped 2811 items (at 95 items/min)
2025-09-17 17:58:29 [scrapy.extensions.logstats] INFO: Crawled 2926 pages (at 96 pages/min), scraped 2907 items (at 96 items/min)
2025-09-17 17:59:29 [scrapy.extensions.logstats] INFO: Crawled 3024 pages (at 98 pages/min), scraped 3005 items (at 98 items/min)
2025-09-17 18:00:29 [scrapy.extensions.logstats] INFO: Crawled 3119 pages (at 95 pages/min), scraped 3100 items (at 95 items/min)
2025-09-17 18:01:29 [scrapy.extensions.logstats] INFO: Crawled 3213 pages (at 94 pages/min), scraped 3194 items (at 94 items/min)
2025-09-17 18:01:55 [py.warnings] WARNING: /usr/local/lib/python3.10/site-packages/scrapy/selector/unified.py:83: UserWarning: Selector got both text and root, root is being ignored.
  super().__init__(text=text, type=st, root=root, **kwargs)

2025-09-17 18:01:56 [py.warnings] WARNING: /usr/local/lib/python3.10/site-packages/scrapy/selector/unified.py:83: UserWarning: Selector got both text and root, root is being ignored.
  super().__init__(text=text, type=st, root=root, **kwargs)

2025-09-17 18:01:56 [py.warnings] WARNING: /usr/local/lib/python3.10/site-packages/scrapy/selector/unified.py:83: UserWarning: Selector got both text and root, root is being ignored.
  super().__init__(text=text, type=st, root=root, **kwargs)

2025-09-17 18:01:57 [py.warnings] WARNING: /usr/local/lib/python3.10/site-packages/scrapy/selector/unified.py:83: UserWarning: Selector got both text and root, root is being ignored.
  super().__init__(text=text, type=st, root=root, **kwargs)

2025-09-17 18:01:58 [py.warnings] WARNING: /usr/local/lib/python3.10/site-packages/scrapy/selector/unified.py:83: UserWarning: Selector got both text and root, root is being ignored.
  super().__init__(text=text, type=st, root=root, **kwargs)

2025-09-17 18:01:58 [py.warnings] WARNING: /usr/local/lib/python3.10/site-packages/scrapy/selector/unified.py:83: UserWarning: Selector got both text and root, root is being ignored.
  super().__init__(text=text, type=st, root=root, **kwargs)

2025-09-17 18:01:59 [py.warnings] WARNING: /usr/local/lib/python3.10/site-packages/scrapy/selector/unified.py:83: UserWarning: Selector got both text and root, root is being ignored.
  super().__init__(text=text, type=st, root=root, **kwargs)

2025-09-17 18:01:59 [py.warnings] WARNING: /usr/local/lib/python3.10/site-packages/scrapy/selector/unified.py:83: UserWarning: Selector got both text and root, root is being ignored.
  super().__init__(text=text, type=st, root=root, **kwargs)

2025-09-17 18:01:59 [py.warnings] WARNING: /usr/local/lib/python3.10/site-packages/scrapy/selector/unified.py:83: UserWarning: Selector got both text and root, root is being ignored.
  super().__init__(text=text, type=st, root=root, **kwargs)

2025-09-17 18:02:29 [scrapy.extensions.logstats] INFO: Crawled 3312 pages (at 99 pages/min), scraped 3284 items (at 90 items/min)
2025-09-17 18:03:29 [scrapy.extensions.logstats] INFO: Crawled 3408 pages (at 96 pages/min), scraped 3380 items (at 96 items/min)
2025-09-17 18:04:29 [scrapy.extensions.logstats] INFO: Crawled 3504 pages (at 96 pages/min), scraped 3476 items (at 96 items/min)
2025-09-17 18:05:29 [scrapy.extensions.logstats] INFO: Crawled 3599 pages (at 95 pages/min), scraped 3571 items (at 95 items/min)
2025-09-17 18:06:29 [scrapy.extensions.logstats] INFO: Crawled 3698 pages (at 99 pages/min), scraped 3669 items (at 98 items/min)
2025-09-17 18:07:29 [scrapy.extensions.logstats] INFO: Crawled 3795 pages (at 97 pages/min), scraped 3766 items (at 97 items/min)
2025-09-17 18:08:29 [scrapy.extensions.logstats] INFO: Crawled 3888 pages (at 93 pages/min), scraped 3860 items (at 94 items/min)
2025-09-17 18:09:29 [scrapy.extensions.logstats] INFO: Crawled 3985 pages (at 97 pages/min), scraped 3957 items (at 97 items/min)
2025-09-17 18:10:29 [scrapy.extensions.logstats] INFO: Crawled 4081 pages (at 96 pages/min), scraped 4053 items (at 96 items/min)
2025-09-17 18:11:29 [scrapy.extensions.logstats] INFO: Crawled 4178 pages (at 97 pages/min), scraped 4150 items (at 97 items/min)
2025-09-17 18:12:29 [scrapy.extensions.logstats] INFO: Crawled 4266 pages (at 88 pages/min), scraped 4238 items (at 88 items/min)
2025-09-17 18:13:29 [scrapy.extensions.logstats] INFO: Crawled 4343 pages (at 77 pages/min), scraped 4315 items (at 77 items/min)
2025-09-17 18:14:29 [scrapy.extensions.logstats] INFO: Crawled 4422 pages (at 79 pages/min), scraped 4394 items (at 79 items/min)
2025-09-17 18:15:00 [scrapy.downloadermiddlewares.retry] ERROR: Gave up retrying <GET http://ufcstats.com/fighter-details/d57e6a8971b6d2bd> (failed 3 times): 429 Unknown Status
2025-09-17 18:15:00 [scrapy.spidermiddlewares.httperror] INFO: Ignoring response <429 http://ufcstats.com/fighter-details/d57e6a8971b6d2bd>: HTTP status code is not handled or not allowed
2025-09-17 18:15:03 [scrapy.downloadermiddlewares.retry] ERROR: Gave up retrying <GET http://ufcstats.com/fighter-details/2f1a257d6777096d> (failed 3 times): 429 Unknown Status
2025-09-17 18:15:03 [scrapy.spidermiddlewares.httperror] INFO: Ignoring response <429 http://ufcstats.com/fighter-details/2f1a257d6777096d>: HTTP status code is not handled or not allowed
2025-09-17 18:15:03 [scrapy.core.engine] INFO: Closing spider (finished)
2025-09-17 18:15:03 [scrapy.extensions.feedexport] INFO: Stored csv feed (4438 items) in: data/fighter_stats/2025-09-17T17-28-29.csv
2025-09-17 18:15:03 [scrapy.extensions.feedexport] INFO: Stored csv feed (4438 items) in: data/fighter_stats/latest.csv
2025-09-17 18:15:03 [scrapy.statscollectors] INFO: Dumping Scrapy stats:
{'downloader/request_bytes': 1402555,
 'downloader/request_count': 4526,
 'downloader/request_method_count/GET': 4526,
 'downloader/response_bytes': 18504559,
 'downloader/response_count': 4526,
 'downloader/response_status_count/200': 4465,
 'downloader/response_status_count/404': 1,
 'downloader/response_status_count/429': 60,
 'elapsed_time_seconds': 2794.07304,
 'feedexport/success_count/FileFeedStorage': 2,
 'finish_reason': 'finished',
 'finish_time': datetime.datetime(2025, 9, 17, 18, 15, 3, 244211),
 'httpcompression/response_bytes': 128014557,
 'httpcompression/response_count': 4465,
 'httperror/response_ignored_count': 2,
 'httperror/response_ignored_status_count/429': 2,
 'item_scraped_count': 4438,
 'log_count/ERROR': 2,
 'log_count/INFO': 60,
 'log_count/WARNING': 30,
 'memusage/max': 117202944,
 'memusage/startup': 76554240,
 'request_depth_max': 2,
 'response_received_count': 4468,
 'retry/count': 58,
 'retry/max_reached': 2,
 'retry/reason_count/429 Unknown Status': 58,
 'robotstxt/request_count': 1,
 'robotstxt/response_count': 1,
 'robotstxt/response_status_count/404': 1,
 'scheduler/dequeued': 4525,
 'scheduler/dequeued/memory': 4525,
 'scheduler/enqueued': 4525,
 'scheduler/enqueued/memory': 4525,
 'start_time': datetime.datetime(2025, 9, 17, 17, 28, 29, 171171)}
2025-09-17 18:15:03 [scrapy.core.engine] INFO: Spider closed (finished)
