2025-09-17 16:47:46 [scrapy.utils.log] INFO: Scrapy 1.7.4 started (bot: ufcStats)
2025-09-17 16:47:46 [scrapy.utils.log] INFO: Versions: lxml 6.0.1.0, libxml2 2.14.5, cssselect 1.3.0, parsel 1.10.0, w3lib 2.3.1, Twisted 21.7.0, Python 3.10.18 (main, Sep  8 2025, 21:42:39) [GCC 14.2.0], pyOpenSSL 22.1.0 (OpenSSL 3.0.7 1 Nov 2022), cryptography 38.0.4, Platform Linux-6.1.0-37-amd64-x86_64-with-glibc2.41
2025-09-17 16:47:46 [scrapy.crawler] INFO: Overridden settings: {'BOT_NAME': 'ufcStats', 'COOKIES_ENABLED': False, 'DOWNLOAD_DELAY': 0.5, 'FEED_FORMAT': 'csv', 'FEED_URI': 'data/fighter_stats/latest.csv', 'LOG_FILE': 'log/2025-09-17T16-47-46.log', 'LOG_LEVEL': 'INFO', 'NEWSPIDER_MODULE': 'ufcStats.spiders', 'ROBOTSTXT_OBEY': True, 'SPIDER_MODULES': ['ufcStats.spiders']}
2025-09-17 16:47:46 [scrapy.extensions.telnet] INFO: Telnet Password: d4db4c79abfc5b5b
2025-09-17 16:47:46 [scrapy.middleware] INFO: Enabled extensions:
['scrapy.extensions.corestats.CoreStats',
 'scrapy.extensions.telnet.TelnetConsole',
 'scrapy.extensions.memusage.MemoryUsage',
 'scrapy.extensions.feedexport.FeedExporter',
 'scrapy.extensions.logstats.LogStats']
2025-09-17 16:47:46 [scrapy.core.downloader.handlers] ERROR: Loading "scrapy.core.downloader.handlers.http.HTTPDownloadHandler" for scheme "http"
Traceback (most recent call last):
  File "/usr/local/lib/python3.10/site-packages/scrapy/core/downloader/handlers/__init__.py", line 48, in _load_handler
    dhcls = load_object(path)
  File "/usr/local/lib/python3.10/site-packages/scrapy/utils/misc.py", line 46, in load_object
    mod = import_module(module)
  File "/usr/local/lib/python3.10/importlib/__init__.py", line 126, in import_module
    return _bootstrap._gcd_import(name[level:], package, level)
  File "<frozen importlib._bootstrap>", line 1050, in _gcd_import
  File "<frozen importlib._bootstrap>", line 1027, in _find_and_load
  File "<frozen importlib._bootstrap>", line 1006, in _find_and_load_unlocked
  File "<frozen importlib._bootstrap>", line 688, in _load_unlocked
  File "<frozen importlib._bootstrap_external>", line 883, in exec_module
  File "<frozen importlib._bootstrap>", line 241, in _call_with_frames_removed
  File "/usr/local/lib/python3.10/site-packages/scrapy/core/downloader/handlers/http.py", line 3, in <module>
    from .http11 import HTTP11DownloadHandler as HTTPDownloadHandler
  File "/usr/local/lib/python3.10/site-packages/scrapy/core/downloader/handlers/http11.py", line 27, in <module>
    from scrapy.core.downloader.tls import openssl_methods
  File "/usr/local/lib/python3.10/site-packages/scrapy/core/downloader/tls.py", line 17, in <module>
    METHOD_SSLv3:  SSL.SSLv3_METHOD,                    # SSL 3 (NOT recommended)
AttributeError: module 'OpenSSL.SSL' has no attribute 'SSLv3_METHOD'
2025-09-17 16:47:46 [scrapy.core.downloader.handlers] ERROR: Loading "scrapy.core.downloader.handlers.http.HTTPDownloadHandler" for scheme "https"
Traceback (most recent call last):
  File "/usr/local/lib/python3.10/site-packages/scrapy/core/downloader/handlers/__init__.py", line 48, in _load_handler
    dhcls = load_object(path)
  File "/usr/local/lib/python3.10/site-packages/scrapy/utils/misc.py", line 46, in load_object
    mod = import_module(module)
  File "/usr/local/lib/python3.10/importlib/__init__.py", line 126, in import_module
    return _bootstrap._gcd_import(name[level:], package, level)
  File "<frozen importlib._bootstrap>", line 1050, in _gcd_import
  File "<frozen importlib._bootstrap>", line 1027, in _find_and_load
  File "<frozen importlib._bootstrap>", line 1006, in _find_and_load_unlocked
  File "<frozen importlib._bootstrap>", line 688, in _load_unlocked
  File "<frozen importlib._bootstrap_external>", line 883, in exec_module
  File "<frozen importlib._bootstrap>", line 241, in _call_with_frames_removed
  File "/usr/local/lib/python3.10/site-packages/scrapy/core/downloader/handlers/http.py", line 3, in <module>
    from .http11 import HTTP11DownloadHandler as HTTPDownloadHandler
  File "/usr/local/lib/python3.10/site-packages/scrapy/core/downloader/handlers/http11.py", line 27, in <module>
    from scrapy.core.downloader.tls import openssl_methods
  File "/usr/local/lib/python3.10/site-packages/scrapy/core/downloader/tls.py", line 17, in <module>
    METHOD_SSLv3:  SSL.SSLv3_METHOD,                    # SSL 3 (NOT recommended)
AttributeError: module 'OpenSSL.SSL' has no attribute 'SSLv3_METHOD'
2025-09-17 16:47:46 [scrapy.core.downloader.handlers] ERROR: Loading "scrapy.core.downloader.handlers.s3.S3DownloadHandler" for scheme "s3"
Traceback (most recent call last):
  File "/usr/local/lib/python3.10/site-packages/scrapy/core/downloader/handlers/__init__.py", line 48, in _load_handler
    dhcls = load_object(path)
  File "/usr/local/lib/python3.10/site-packages/scrapy/utils/misc.py", line 46, in load_object
    mod = import_module(module)
  File "/usr/local/lib/python3.10/importlib/__init__.py", line 126, in import_module
    return _bootstrap._gcd_import(name[level:], package, level)
  File "<frozen importlib._bootstrap>", line 1050, in _gcd_import
  File "<frozen importlib._bootstrap>", line 1027, in _find_and_load
  File "<frozen importlib._bootstrap>", line 1006, in _find_and_load_unlocked
  File "<frozen importlib._bootstrap>", line 688, in _load_unlocked
  File "<frozen importlib._bootstrap_external>", line 883, in exec_module
  File "<frozen importlib._bootstrap>", line 241, in _call_with_frames_removed
  File "/usr/local/lib/python3.10/site-packages/scrapy/core/downloader/handlers/s3.py", line 6, in <module>
    from .http import HTTPDownloadHandler
  File "/usr/local/lib/python3.10/site-packages/scrapy/core/downloader/handlers/http.py", line 3, in <module>
    from .http11 import HTTP11DownloadHandler as HTTPDownloadHandler
  File "/usr/local/lib/python3.10/site-packages/scrapy/core/downloader/handlers/http11.py", line 27, in <module>
    from scrapy.core.downloader.tls import openssl_methods
  File "/usr/local/lib/python3.10/site-packages/scrapy/core/downloader/tls.py", line 17, in <module>
    METHOD_SSLv3:  SSL.SSLv3_METHOD,                    # SSL 3 (NOT recommended)
AttributeError: module 'OpenSSL.SSL' has no attribute 'SSLv3_METHOD'
2025-09-17 16:47:46 [twisted] CRITICAL: Unhandled error in Deferred:
2025-09-17 16:47:46 [twisted] CRITICAL: 
Traceback (most recent call last):
  File "/usr/local/lib/python3.10/site-packages/twisted/internet/defer.py", line 1661, in _inlineCallbacks
    result = current_context.run(gen.send, result)
  File "/usr/local/lib/python3.10/site-packages/scrapy/crawler.py", line 86, in crawl
    self.engine = self._create_engine()
  File "/usr/local/lib/python3.10/site-packages/scrapy/crawler.py", line 111, in _create_engine
    return ExecutionEngine(self, lambda _: self.stop())
  File "/usr/local/lib/python3.10/site-packages/scrapy/core/engine.py", line 69, in __init__
    self.downloader = downloader_cls(crawler)
  File "/usr/local/lib/python3.10/site-packages/scrapy/core/downloader/__init__.py", line 86, in __init__
    self.middleware = DownloaderMiddlewareManager.from_crawler(crawler)
  File "/usr/local/lib/python3.10/site-packages/scrapy/middleware.py", line 53, in from_crawler
    return cls.from_settings(crawler.settings, crawler)
  File "/usr/local/lib/python3.10/site-packages/scrapy/middleware.py", line 34, in from_settings
    mwcls = load_object(clspath)
  File "/usr/local/lib/python3.10/site-packages/scrapy/utils/misc.py", line 46, in load_object
    mod = import_module(module)
  File "/usr/local/lib/python3.10/importlib/__init__.py", line 126, in import_module
    return _bootstrap._gcd_import(name[level:], package, level)
  File "<frozen importlib._bootstrap>", line 1050, in _gcd_import
  File "<frozen importlib._bootstrap>", line 1027, in _find_and_load
  File "<frozen importlib._bootstrap>", line 1006, in _find_and_load_unlocked
  File "<frozen importlib._bootstrap>", line 688, in _load_unlocked
  File "<frozen importlib._bootstrap_external>", line 883, in exec_module
  File "<frozen importlib._bootstrap>", line 241, in _call_with_frames_removed
  File "/usr/local/lib/python3.10/site-packages/scrapy/downloadermiddlewares/retry.py", line 22, in <module>
    from scrapy.core.downloader.handlers.http11 import TunnelError
  File "/usr/local/lib/python3.10/site-packages/scrapy/core/downloader/handlers/http11.py", line 27, in <module>
    from scrapy.core.downloader.tls import openssl_methods
  File "/usr/local/lib/python3.10/site-packages/scrapy/core/downloader/tls.py", line 17, in <module>
    METHOD_SSLv3:  SSL.SSLv3_METHOD,                    # SSL 3 (NOT recommended)
AttributeError: module 'OpenSSL.SSL' has no attribute 'SSLv3_METHOD'
